{"/Users/Eric/Desktop/monopolyDeal/src/App.css": {"path":"/Users/Eric/Desktop/monopolyDeal/src/App.css","statementMap":{},"fnMap":{},"branchMap":{},"s":{},"f":{},"b":{},"meta":{"lastBranch":0,"lastFunction":0,"lastStatement":0,"seen":{}}}
,"/Users/Eric/Desktop/monopolyDeal/src/App.tsx": {"path":"/Users/Eric/Desktop/monopolyDeal/src/App.tsx","statementMap":{"0":{"start":{"line":50,"column":2},"end":{"line":53,"column":null}},"1":{"start":{"line":57,"column":2},"end":{"line":57,"column":null}},"2":{"start":{"line":61,"column":2},"end":{"line":61,"column":null}},"3":{"start":{"line":61,"column":38},"end":{"line":61,"column":null}},"4":{"start":{"line":62,"column":2},"end":{"line":62,"column":null}},"5":{"start":{"line":62,"column":39},"end":{"line":62,"column":null}},"6":{"start":{"line":63,"column":2},"end":{"line":63,"column":null}},"7":{"start":{"line":63,"column":37},"end":{"line":63,"column":null}},"8":{"start":{"line":64,"column":2},"end":{"line":64,"column":null}},"9":{"start":{"line":64,"column":82},"end":{"line":64,"column":null}},"10":{"start":{"line":65,"column":2},"end":{"line":65,"column":null}},"11":{"start":{"line":69,"column":2},"end":{"line":69,"column":null}},"12":{"start":{"line":73,"column":8},"end":{"line":73,"column":null}},"13":{"start":{"line":74,"column":2},"end":{"line":74,"column":null}},"14":{"start":{"line":78,"column":2},"end":{"line":78,"column":null}},"15":{"start":{"line":82,"column":2},"end":{"line":82,"column":null}},"16":{"start":{"line":82,"column":34},"end":{"line":82,"column":null}},"17":{"start":{"line":83,"column":2},"end":{"line":83,"column":null}},"18":{"start":{"line":83,"column":41},"end":{"line":83,"column":null}},"19":{"start":{"line":84,"column":2},"end":{"line":84,"column":null}},"20":{"start":{"line":84,"column":82},"end":{"line":84,"column":null}},"21":{"start":{"line":85,"column":2},"end":{"line":85,"column":null}},"22":{"start":{"line":85,"column":26},"end":{"line":85,"column":null}},"23":{"start":{"line":86,"column":2},"end":{"line":86,"column":null}},"24":{"start":{"line":90,"column":26},"end":{"line":90,"column":null}},"25":{"start":{"line":91,"column":22},"end":{"line":91,"column":null}},"26":{"start":{"line":92,"column":24},"end":{"line":92,"column":null}},"27":{"start":{"line":93,"column":24},"end":{"line":93,"column":null}},"28":{"start":{"line":94,"column":46},"end":{"line":94,"column":null}},"29":{"start":{"line":95,"column":28},"end":{"line":95,"column":null}},"30":{"start":{"line":95,"column":58},"end":{"line":95,"column":82}},"31":{"start":{"line":96,"column":30},"end":{"line":96,"column":null}},"32":{"start":{"line":96,"column":60},"end":{"line":96,"column":85}},"33":{"start":{"line":97,"column":28},"end":{"line":97,"column":null}},"34":{"start":{"line":98,"column":42},"end":{"line":98,"column":null}},"35":{"start":{"line":99,"column":54},"end":{"line":99,"column":null}},"36":{"start":{"line":100,"column":46},"end":{"line":100,"column":null}},"37":{"start":{"line":101,"column":40},"end":{"line":101,"column":null}},"38":{"start":{"line":102,"column":8},"end":{"line":102,"column":null}},"39":{"start":{"line":104,"column":2},"end":{"line":110,"column":null}},"40":{"start":{"line":105,"column":4},"end":{"line":105,"column":null}},"41":{"start":{"line":105,"column":15},"end":{"line":105,"column":null}},"42":{"start":{"line":106,"column":19},"end":{"line":108,"column":null}},"43":{"start":{"line":107,"column":6},"end":{"line":107,"column":null}},"44":{"start":{"line":109,"column":4},"end":{"line":109,"column":null}},"45":{"start":{"line":109,"column":17},"end":{"line":109,"column":null}},"46":{"start":{"line":112,"column":8},"end":{"line":112,"column":null}},"47":{"start":{"line":112,"column":32},"end":{"line":112,"column":68}},"48":{"start":{"line":114,"column":2},"end":{"line":123,"column":null}},"49":{"start":{"line":115,"column":4},"end":{"line":118,"column":null}},"50":{"start":{"line":116,"column":6},"end":{"line":116,"column":null}},"51":{"start":{"line":116,"column":36},"end":{"line":116,"column":null}},"52":{"start":{"line":117,"column":6},"end":{"line":117,"column":null}},"53":{"start":{"line":119,"column":4},"end":{"line":119,"column":null}},"54":{"start":{"line":119,"column":36},"end":{"line":119,"column":null}},"55":{"start":{"line":120,"column":4},"end":{"line":122,"column":null}},"56":{"start":{"line":121,"column":6},"end":{"line":121,"column":null}},"57":{"start":{"line":125,"column":27},"end":{"line":125,"column":null}},"58":{"start":{"line":127,"column":8},"end":{"line":130,"column":null}},"59":{"start":{"line":128,"column":4},"end":{"line":128,"column":null}},"60":{"start":{"line":128,"column":26},"end":{"line":128,"column":null}},"61":{"start":{"line":129,"column":4},"end":{"line":129,"column":null}},"62":{"start":{"line":132,"column":8},"end":{"line":135,"column":null}},"63":{"start":{"line":133,"column":4},"end":{"line":133,"column":null}},"64":{"start":{"line":133,"column":15},"end":{"line":133,"column":null}},"65":{"start":{"line":134,"column":4},"end":{"line":134,"column":null}},"66":{"start":{"line":134,"column":41},"end":{"line":134,"column":63}},"67":{"start":{"line":137,"column":8},"end":{"line":160,"column":null}},"68":{"start":{"line":138,"column":4},"end":{"line":141,"column":null}},"69":{"start":{"line":139,"column":12},"end":{"line":139,"column":null}},"70":{"start":{"line":140,"column":6},"end":{"line":140,"column":null}},"71":{"start":{"line":143,"column":4},"end":{"line":145,"column":null}},"72":{"start":{"line":144,"column":6},"end":{"line":144,"column":null}},"73":{"start":{"line":147,"column":4},"end":{"line":153,"column":null}},"74":{"start":{"line":148,"column":25},"end":{"line":148,"column":null}},"75":{"start":{"line":149,"column":6},"end":{"line":149,"column":null}},"76":{"start":{"line":149,"column":38},"end":{"line":149,"column":null}},"77":{"start":{"line":150,"column":6},"end":{"line":150,"column":null}},"78":{"start":{"line":150,"column":22},"end":{"line":150,"column":null}},"79":{"start":{"line":151,"column":6},"end":{"line":151,"column":null}},"80":{"start":{"line":151,"column":24},"end":{"line":151,"column":null}},"81":{"start":{"line":152,"column":6},"end":{"line":152,"column":null}},"82":{"start":{"line":155,"column":4},"end":{"line":157,"column":null}},"83":{"start":{"line":156,"column":6},"end":{"line":156,"column":null}},"84":{"start":{"line":159,"column":4},"end":{"line":159,"column":null}},"85":{"start":{"line":162,"column":8},"end":{"line":177,"column":null}},"86":{"start":{"line":163,"column":21},"end":{"line":163,"column":null}},"87":{"start":{"line":164,"column":4},"end":{"line":175,"column":null}},"88":{"start":{"line":165,"column":21},"end":{"line":165,"column":null}},"89":{"start":{"line":166,"column":6},"end":{"line":166,"column":null}},"90":{"start":{"line":166,"column":19},"end":{"line":166,"column":null}},"91":{"start":{"line":167,"column":40},"end":{"line":171,"column":null}},"92":{"start":{"line":172,"column":23},"end":{"line":172,"column":null}},"93":{"start":{"line":173,"column":6},"end":{"line":173,"column":null}},"94":{"start":{"line":174,"column":6},"end":{"line":174,"column":null}},"95":{"start":{"line":176,"column":4},"end":{"line":176,"column":null}},"96":{"start":{"line":179,"column":8},"end":{"line":179,"column":null}},"97":{"start":{"line":179,"column":40},"end":{"line":179,"column":76}},"98":{"start":{"line":181,"column":8},"end":{"line":184,"column":null}},"99":{"start":{"line":182,"column":10},"end":{"line":182,"column":null}},"100":{"start":{"line":182,"column":40},"end":{"line":182,"column":68}},"101":{"start":{"line":185,"column":28},"end":{"line":185,"column":null}},"102":{"start":{"line":186,"column":29},"end":{"line":188,"column":null}},"103":{"start":{"line":190,"column":25},"end":{"line":190,"column":null}},"104":{"start":{"line":191,"column":8},"end":{"line":194,"column":null}},"105":{"start":{"line":192,"column":4},"end":{"line":192,"column":null}},"106":{"start":{"line":192,"column":34},"end":{"line":192,"column":null}},"107":{"start":{"line":193,"column":4},"end":{"line":193,"column":null}},"108":{"start":{"line":193,"column":41},"end":{"line":193,"column":84}},"109":{"start":{"line":196,"column":8},"end":{"line":202,"column":null}},"110":{"start":{"line":197,"column":4},"end":{"line":197,"column":null}},"111":{"start":{"line":197,"column":31},"end":{"line":197,"column":null}},"112":{"start":{"line":198,"column":27},"end":{"line":200,"column":null}},"113":{"start":{"line":199,"column":6},"end":{"line":199,"column":null}},"114":{"start":{"line":199,"column":60},"end":{"line":199,"column":72}},"115":{"start":{"line":201,"column":4},"end":{"line":201,"column":null}},"116":{"start":{"line":204,"column":8},"end":{"line":207,"column":null}},"117":{"start":{"line":205,"column":10},"end":{"line":205,"column":null}},"118":{"start":{"line":205,"column":55},"end":{"line":205,"column":85}},"119":{"start":{"line":208,"column":8},"end":{"line":211,"column":null}},"120":{"start":{"line":209,"column":10},"end":{"line":209,"column":null}},"121":{"start":{"line":209,"column":56},"end":{"line":209,"column":86}},"122":{"start":{"line":212,"column":27},"end":{"line":214,"column":null}},"123":{"start":{"line":216,"column":23},"end":{"line":231,"column":null}},"124":{"start":{"line":217,"column":36},"end":{"line":220,"column":null}},"125":{"start":{"line":217,"column":104},"end":{"line":220,"column":6}},"126":{"start":{"line":222,"column":10},"end":{"line":222,"column":null}},"127":{"start":{"line":223,"column":4},"end":{"line":223,"column":null}},"128":{"start":{"line":224,"column":4},"end":{"line":224,"column":null}},"129":{"start":{"line":225,"column":4},"end":{"line":225,"column":null}},"130":{"start":{"line":226,"column":4},"end":{"line":226,"column":null}},"131":{"start":{"line":227,"column":4},"end":{"line":227,"column":null}},"132":{"start":{"line":228,"column":4},"end":{"line":228,"column":null}},"133":{"start":{"line":229,"column":4},"end":{"line":229,"column":null}},"134":{"start":{"line":230,"column":4},"end":{"line":230,"column":null}},"135":{"start":{"line":233,"column":21},"end":{"line":247,"column":null}},"136":{"start":{"line":234,"column":10},"end":{"line":234,"column":null}},"137":{"start":{"line":235,"column":4},"end":{"line":238,"column":null}},"138":{"start":{"line":236,"column":6},"end":{"line":236,"column":null}},"139":{"start":{"line":237,"column":6},"end":{"line":237,"column":null}},"140":{"start":{"line":239,"column":4},"end":{"line":239,"column":null}},"141":{"start":{"line":240,"column":4},"end":{"line":240,"column":null}},"142":{"start":{"line":241,"column":4},"end":{"line":241,"column":null}},"143":{"start":{"line":242,"column":4},"end":{"line":242,"column":null}},"144":{"start":{"line":243,"column":4},"end":{"line":243,"column":null}},"145":{"start":{"line":244,"column":4},"end":{"line":244,"column":null}},"146":{"start":{"line":245,"column":4},"end":{"line":245,"column":null}},"147":{"start":{"line":246,"column":4},"end":{"line":246,"column":null}},"148":{"start":{"line":249,"column":29},"end":{"line":263,"column":null}},"149":{"start":{"line":250,"column":10},"end":{"line":250,"column":null}},"150":{"start":{"line":251,"column":4},"end":{"line":251,"column":null}},"151":{"start":{"line":251,"column":42},"end":{"line":251,"column":null}},"152":{"start":{"line":252,"column":20},"end":{"line":252,"column":null}},"153":{"start":{"line":253,"column":4},"end":{"line":253,"column":null}},"154":{"start":{"line":253,"column":58},"end":{"line":253,"column":null}},"155":{"start":{"line":254,"column":4},"end":{"line":254,"column":null}},"156":{"start":{"line":255,"column":10},"end":{"line":255,"column":null}},"157":{"start":{"line":256,"column":24},"end":{"line":256,"column":null}},"158":{"start":{"line":257,"column":4},"end":{"line":257,"column":null}},"159":{"start":{"line":258,"column":4},"end":{"line":258,"column":null}},"160":{"start":{"line":259,"column":10},"end":{"line":259,"column":null}},"161":{"start":{"line":260,"column":4},"end":{"line":260,"column":null}},"162":{"start":{"line":261,"column":4},"end":{"line":261,"column":null}},"163":{"start":{"line":262,"column":4},"end":{"line":262,"column":null}},"164":{"start":{"line":265,"column":20},"end":{"line":291,"column":null}},"165":{"start":{"line":266,"column":4},"end":{"line":266,"column":null}},"166":{"start":{"line":266,"column":15},"end":{"line":266,"column":null}},"167":{"start":{"line":267,"column":27},"end":{"line":267,"column":null}},"168":{"start":{"line":268,"column":33},"end":{"line":268,"column":null}},"169":{"start":{"line":269,"column":10},"end":{"line":269,"column":null}},"170":{"start":{"line":270,"column":4},"end":{"line":273,"column":null}},"171":{"start":{"line":271,"column":6},"end":{"line":271,"column":null}},"172":{"start":{"line":272,"column":6},"end":{"line":272,"column":null}},"173":{"start":{"line":274,"column":4},"end":{"line":274,"column":null}},"174":{"start":{"line":275,"column":35},"end":{"line":275,"column":null}},"175":{"start":{"line":276,"column":10},"end":{"line":276,"column":null}},"176":{"start":{"line":277,"column":4},"end":{"line":279,"column":null}},"177":{"start":{"line":278,"column":6},"end":{"line":278,"column":null}},"178":{"start":{"line":280,"column":4},"end":{"line":282,"column":null}},"179":{"start":{"line":281,"column":6},"end":{"line":281,"column":null}},"180":{"start":{"line":281,"column":33},"end":{"line":281,"column":64}},"181":{"start":{"line":283,"column":4},"end":{"line":285,"column":null}},"182":{"start":{"line":284,"column":6},"end":{"line":284,"column":null}},"183":{"start":{"line":286,"column":4},"end":{"line":286,"column":null}},"184":{"start":{"line":287,"column":4},"end":{"line":287,"column":null}},"185":{"start":{"line":288,"column":4},"end":{"line":288,"column":null}},"186":{"start":{"line":289,"column":4},"end":{"line":289,"column":null}},"187":{"start":{"line":290,"column":4},"end":{"line":290,"column":null}},"188":{"start":{"line":293,"column":23},"end":{"line":302,"column":null}},"189":{"start":{"line":294,"column":4},"end":{"line":294,"column":null}},"190":{"start":{"line":294,"column":36},"end":{"line":294,"column":null}},"191":{"start":{"line":295,"column":26},"end":{"line":295,"column":null}},"192":{"start":{"line":296,"column":4},"end":{"line":296,"column":null}},"193":{"start":{"line":297,"column":4},"end":{"line":297,"column":null}},"194":{"start":{"line":297,"column":31},"end":{"line":297,"column":48}},"195":{"start":{"line":298,"column":4},"end":{"line":298,"column":null}},"196":{"start":{"line":299,"column":4},"end":{"line":299,"column":null}},"197":{"start":{"line":300,"column":4},"end":{"line":300,"column":null}},"198":{"start":{"line":301,"column":4},"end":{"line":301,"column":null}},"199":{"start":{"line":304,"column":25},"end":{"line":313,"column":null}},"200":{"start":{"line":305,"column":4},"end":{"line":305,"column":null}},"201":{"start":{"line":305,"column":36},"end":{"line":305,"column":null}},"202":{"start":{"line":306,"column":23},"end":{"line":306,"column":null}},"203":{"start":{"line":307,"column":4},"end":{"line":307,"column":null}},"204":{"start":{"line":308,"column":4},"end":{"line":308,"column":null}},"205":{"start":{"line":309,"column":4},"end":{"line":309,"column":null}},"206":{"start":{"line":310,"column":4},"end":{"line":310,"column":null}},"207":{"start":{"line":311,"column":4},"end":{"line":311,"column":null}},"208":{"start":{"line":312,"column":4},"end":{"line":312,"column":null}},"209":{"start":{"line":315,"column":26},"end":{"line":334,"column":null}},"210":{"start":{"line":316,"column":4},"end":{"line":316,"column":null}},"211":{"start":{"line":316,"column":26},"end":{"line":316,"column":null}},"212":{"start":{"line":317,"column":4},"end":{"line":317,"column":null}},"213":{"start":{"line":317,"column":31},"end":{"line":317,"column":null}},"214":{"start":{"line":318,"column":4},"end":{"line":318,"column":null}},"215":{"start":{"line":318,"column":46},"end":{"line":318,"column":null}},"216":{"start":{"line":319,"column":4},"end":{"line":319,"column":null}},"217":{"start":{"line":319,"column":38},"end":{"line":319,"column":null}},"218":{"start":{"line":321,"column":21},"end":{"line":321,"column":null}},"219":{"start":{"line":322,"column":4},"end":{"line":322,"column":null}},"220":{"start":{"line":322,"column":31},"end":{"line":322,"column":null}},"221":{"start":{"line":324,"column":4},"end":{"line":324,"column":null}},"222":{"start":{"line":326,"column":4},"end":{"line":329,"column":null}},"223":{"start":{"line":327,"column":6},"end":{"line":327,"column":null}},"224":{"start":{"line":328,"column":6},"end":{"line":328,"column":null}},"225":{"start":{"line":331,"column":10},"end":{"line":331,"column":null}},"226":{"start":{"line":332,"column":22},"end":{"line":332,"column":null}},"227":{"start":{"line":333,"column":4},"end":{"line":333,"column":null}},"228":{"start":{"line":336,"column":34},"end":{"line":339,"column":null}},"229":{"start":{"line":337,"column":4},"end":{"line":337,"column":null}},"230":{"start":{"line":337,"column":68},"end":{"line":337,"column":null}},"231":{"start":{"line":338,"column":4},"end":{"line":338,"column":null}},"232":{"start":{"line":338,"column":39},"end":{"line":338,"column":118}},"233":{"start":{"line":338,"column":83},"end":{"line":338,"column":96}},"234":{"start":{"line":341,"column":32},"end":{"line":348,"column":null}},"235":{"start":{"line":342,"column":4},"end":{"line":342,"column":null}},"236":{"start":{"line":342,"column":46},"end":{"line":342,"column":null}},"237":{"start":{"line":343,"column":4},"end":{"line":347,"column":null}},"238":{"start":{"line":350,"column":27},"end":{"line":354,"column":null}},"239":{"start":{"line":351,"column":4},"end":{"line":351,"column":null}},"240":{"start":{"line":351,"column":69},"end":{"line":351,"column":null}},"241":{"start":{"line":352,"column":19},"end":{"line":352,"column":null}},"242":{"start":{"line":353,"column":4},"end":{"line":353,"column":null}},"243":{"start":{"line":356,"column":21},"end":{"line":366,"column":null}},"244":{"start":{"line":357,"column":4},"end":{"line":366,"column":null}},"245":{"start":{"line":361,"column":31},"end":{"line":361,"column":51}},"246":{"start":{"line":363,"column":31},"end":{"line":363,"column":51}},"247":{"start":{"line":369,"column":22},"end":{"line":408,"column":null}},"248":{"start":{"line":370,"column":4},"end":{"line":408,"column":null}},"249":{"start":{"line":377,"column":12},"end":{"line":380,"column":null}},"250":{"start":{"line":377,"column":32},"end":{"line":380,"column":14}},"251":{"start":{"line":389,"column":8},"end":{"line":402,"column":null}},"252":{"start":{"line":394,"column":28},"end":{"line":394,"column":null}},"253":{"start":{"line":395,"column":14},"end":{"line":399,"column":null}},"254":{"start":{"line":396,"column":34},"end":{"line":396,"column":null}},"255":{"start":{"line":397,"column":16},"end":{"line":397,"column":null}},"256":{"start":{"line":398,"column":16},"end":{"line":398,"column":null}},"257":{"start":{"line":406,"column":31},"end":{"line":406,"column":50}},"258":{"start":{"line":411,"column":27},"end":{"line":425,"column":null}},"259":{"start":{"line":412,"column":25},"end":{"line":412,"column":null}},"260":{"start":{"line":413,"column":4},"end":{"line":423,"column":null}},"261":{"start":{"line":417,"column":12},"end":{"line":419,"column":null}},"262":{"start":{"line":427,"column":28},"end":{"line":568,"column":null}},"263":{"start":{"line":428,"column":4},"end":{"line":568,"column":null}},"264":{"start":{"line":429,"column":25},"end":{"line":429,"column":null}},"265":{"start":{"line":430,"column":24},"end":{"line":430,"column":null}},"266":{"start":{"line":431,"column":29},"end":{"line":431,"column":null}},"267":{"start":{"line":432,"column":30},"end":{"line":432,"column":null}},"268":{"start":{"line":433,"column":29},"end":{"line":433,"column":null}},"269":{"start":{"line":434,"column":38},"end":{"line":434,"column":null}},"270":{"start":{"line":435,"column":28},"end":{"line":437,"column":null}},"271":{"start":{"line":436,"column":63},"end":{"line":436,"column":97}},"272":{"start":{"line":438,"column":30},"end":{"line":438,"column":null}},"273":{"start":{"line":438,"column":99},"end":{"line":438,"column":134}},"274":{"start":{"line":440,"column":6},"end":{"line":566,"column":null}},"275":{"start":{"line":476,"column":18},"end":{"line":479,"column":null}},"276":{"start":{"line":476,"column":79},"end":{"line":476,"column":null}},"277":{"start":{"line":520,"column":18},"end":{"line":528,"column":null}},"278":{"start":{"line":527,"column":35},"end":{"line":527,"column":null}},"279":{"start":{"line":541,"column":18},"end":{"line":559,"column":null}},"280":{"start":{"line":547,"column":24},"end":{"line":556,"column":null}},"281":{"start":{"line":554,"column":41},"end":{"line":554,"column":null}},"282":{"start":{"line":570,"column":21},"end":{"line":682,"column":null}},"283":{"start":{"line":571,"column":4},"end":{"line":571,"column":null}},"284":{"start":{"line":571,"column":26},"end":{"line":571,"column":null}},"285":{"start":{"line":572,"column":10},"end":{"line":572,"column":null}},"286":{"start":{"line":573,"column":19},"end":{"line":573,"column":null}},"287":{"start":{"line":573,"column":49},"end":{"line":573,"column":76}},"288":{"start":{"line":574,"column":28},"end":{"line":574,"column":null}},"289":{"start":{"line":576,"column":4},"end":{"line":680,"column":null}},"290":{"start":{"line":589,"column":35},"end":{"line":589,"column":54}},"291":{"start":{"line":592,"column":16},"end":{"line":592,"column":null}},"292":{"start":{"line":593,"column":16},"end":{"line":593,"column":null}},"293":{"start":{"line":594,"column":16},"end":{"line":594,"column":null}},"294":{"start":{"line":606,"column":14},"end":{"line":608,"column":null}},"295":{"start":{"line":606,"column":68},"end":{"line":606,"column":92}},"296":{"start":{"line":615,"column":49},"end":{"line":615,"column":null}},"297":{"start":{"line":615,"column":79},"end":{"line":615,"column":84}},"298":{"start":{"line":621,"column":18},"end":{"line":623,"column":null}},"299":{"start":{"line":621,"column":78},"end":{"line":621,"column":102}},"300":{"start":{"line":639,"column":16},"end":{"line":641,"column":null}},"301":{"start":{"line":652,"column":31},"end":{"line":652,"column":null}},"302":{"start":{"line":652,"column":66},"end":{"line":652,"column":83}},"303":{"start":{"line":653,"column":14},"end":{"line":653,"column":null}},"304":{"start":{"line":653,"column":29},"end":{"line":653,"column":null}},"305":{"start":{"line":654,"column":14},"end":{"line":654,"column":null}},"306":{"start":{"line":657,"column":14},"end":{"line":657,"column":null}},"307":{"start":{"line":658,"column":14},"end":{"line":658,"column":null}},"308":{"start":{"line":668,"column":68},"end":{"line":668,"column":97}},"309":{"start":{"line":672,"column":18},"end":{"line":672,"column":null}},"310":{"start":{"line":684,"column":22},"end":{"line":718,"column":null}},"311":{"start":{"line":685,"column":28},"end":{"line":685,"column":null}},"312":{"start":{"line":685,"column":75},"end":{"line":685,"column":90}},"313":{"start":{"line":686,"column":4},"end":{"line":716,"column":null}},"314":{"start":{"line":694,"column":16},"end":{"line":696,"column":null}},"315":{"start":{"line":705,"column":16},"end":{"line":707,"column":null}},"316":{"start":{"line":714,"column":33},"end":{"line":714,"column":52}},"317":{"start":{"line":720,"column":2},"end":{"line":730,"column":null}}},"fnMap":{"0":{"name":"initialSetup","decl":{"start":{"line":49,"column":9},"end":{"line":49,"column":36}},"loc":{"start":{"line":49,"column":36},"end":{"line":54,"column":null}},"line":49},"1":{"name":"colorLabel","decl":{"start":{"line":56,"column":9},"end":{"line":56,"column":20}},"loc":{"start":{"line":56,"column":50},"end":{"line":58,"column":null}},"line":56},"2":{"name":"actionToCardId","decl":{"start":{"line":60,"column":9},"end":{"line":60,"column":24}},"loc":{"start":{"line":60,"column":55},"end":{"line":66,"column":null}},"line":60},"3":{"name":"actionVariantId","decl":{"start":{"line":68,"column":9},"end":{"line":68,"column":25}},"loc":{"start":{"line":68,"column":49},"end":{"line":70,"column":null}},"line":68},"4":{"name":"cardMoneyValue","decl":{"start":{"line":72,"column":9},"end":{"line":72,"column":24}},"loc":{"start":{"line":72,"column":48},"end":{"line":75,"column":null}},"line":72},"5":{"name":"isReversibleActionType","decl":{"start":{"line":77,"column":9},"end":{"line":77,"column":32}},"loc":{"start":{"line":77,"column":96},"end":{"line":79,"column":null}},"line":77},"6":{"name":"shouldRetainTurnSnapshots","decl":{"start":{"line":81,"column":9},"end":{"line":81,"column":35}},"loc":{"start":{"line":81,"column":94},"end":{"line":87,"column":null}},"line":81},"7":{"name":"App","decl":{"start":{"line":89,"column":9},"end":{"line":89,"column":15}},"loc":{"start":{"line":89,"column":15},"end":{"line":732,"column":null}},"line":89},"8":{"name":"(anonymous_8)","decl":{"start":{"line":95,"column":58},"end":{"line":95,"column":64}},"loc":{"start":{"line":95,"column":58},"end":{"line":95,"column":82}},"line":95},"9":{"name":"(anonymous_9)","decl":{"start":{"line":96,"column":60},"end":{"line":96,"column":66}},"loc":{"start":{"line":96,"column":60},"end":{"line":96,"column":85}},"line":96},"10":{"name":"(anonymous_10)","decl":{"start":{"line":104,"column":12},"end":{"line":104,"column":18}},"loc":{"start":{"line":104,"column":18},"end":{"line":110,"column":5}},"line":104},"11":{"name":"(anonymous_11)","decl":{"start":{"line":106,"column":37},"end":{"line":106,"column":43}},"loc":{"start":{"line":106,"column":43},"end":{"line":108,"column":7}},"line":106},"12":{"name":"(anonymous_12)","decl":{"start":{"line":109,"column":11},"end":{"line":109,"column":17}},"loc":{"start":{"line":109,"column":17},"end":{"line":109,"column":null}},"line":109},"13":{"name":"(anonymous_13)","decl":{"start":{"line":112,"column":25},"end":{"line":112,"column":32}},"loc":{"start":{"line":112,"column":32},"end":{"line":112,"column":68}},"line":112},"14":{"name":"(anonymous_14)","decl":{"start":{"line":114,"column":12},"end":{"line":114,"column":18}},"loc":{"start":{"line":114,"column":18},"end":{"line":123,"column":5}},"line":114},"15":{"name":"(anonymous_15)","decl":{"start":{"line":127,"column":31},"end":{"line":127,"column":37}},"loc":{"start":{"line":127,"column":37},"end":{"line":130,"column":5}},"line":127},"16":{"name":"(anonymous_16)","decl":{"start":{"line":132,"column":37},"end":{"line":132,"column":38}},"loc":{"start":{"line":132,"column":67},"end":{"line":135,"column":5}},"line":132},"17":{"name":"(anonymous_17)","decl":{"start":{"line":134,"column":29},"end":{"line":134,"column":30}},"loc":{"start":{"line":134,"column":41},"end":{"line":134,"column":63}},"line":134},"18":{"name":"(anonymous_18)","decl":{"start":{"line":137,"column":41},"end":{"line":137,"column":42}},"loc":{"start":{"line":137,"column":69},"end":{"line":160,"column":5}},"line":137},"19":{"name":"(anonymous_19)","decl":{"start":{"line":162,"column":37},"end":{"line":162,"column":43}},"loc":{"start":{"line":162,"column":43},"end":{"line":177,"column":5}},"line":162},"20":{"name":"(anonymous_20)","decl":{"start":{"line":164,"column":25},"end":{"line":164,"column":26}},"loc":{"start":{"line":164,"column":42},"end":{"line":175,"column":5}},"line":164},"21":{"name":"(anonymous_21)","decl":{"start":{"line":179,"column":34},"end":{"line":179,"column":40}},"loc":{"start":{"line":179,"column":40},"end":{"line":179,"column":76}},"line":179},"22":{"name":"(anonymous_22)","decl":{"start":{"line":182,"column":4},"end":{"line":182,"column":10}},"loc":{"start":{"line":182,"column":10},"end":{"line":182,"column":null}},"line":182},"23":{"name":"(anonymous_23)","decl":{"start":{"line":182,"column":30},"end":{"line":182,"column":31}},"loc":{"start":{"line":182,"column":40},"end":{"line":182,"column":68}},"line":182},"24":{"name":"(anonymous_24)","decl":{"start":{"line":191,"column":39},"end":{"line":191,"column":45}},"loc":{"start":{"line":191,"column":45},"end":{"line":194,"column":5}},"line":191},"25":{"name":"(anonymous_25)","decl":{"start":{"line":193,"column":29},"end":{"line":193,"column":30}},"loc":{"start":{"line":193,"column":41},"end":{"line":193,"column":84}},"line":193},"26":{"name":"(anonymous_26)","decl":{"start":{"line":196,"column":40},"end":{"line":196,"column":46}},"loc":{"start":{"line":196,"column":46},"end":{"line":202,"column":5}},"line":196},"27":{"name":"(anonymous_27)","decl":{"start":{"line":198,"column":100},"end":{"line":198,"column":101}},"loc":{"start":{"line":199,"column":6},"end":{"line":199,"column":null}},"line":199},"28":{"name":"(anonymous_28)","decl":{"start":{"line":199,"column":49},"end":{"line":199,"column":50}},"loc":{"start":{"line":199,"column":60},"end":{"line":199,"column":72}},"line":199},"29":{"name":"(anonymous_29)","decl":{"start":{"line":205,"column":4},"end":{"line":205,"column":10}},"loc":{"start":{"line":205,"column":10},"end":{"line":205,"column":null}},"line":205},"30":{"name":"(anonymous_30)","decl":{"start":{"line":205,"column":38},"end":{"line":205,"column":39}},"loc":{"start":{"line":205,"column":55},"end":{"line":205,"column":85}},"line":205},"31":{"name":"(anonymous_31)","decl":{"start":{"line":209,"column":4},"end":{"line":209,"column":10}},"loc":{"start":{"line":209,"column":10},"end":{"line":209,"column":null}},"line":209},"32":{"name":"(anonymous_32)","decl":{"start":{"line":209,"column":39},"end":{"line":209,"column":40}},"loc":{"start":{"line":209,"column":56},"end":{"line":209,"column":86}},"line":209},"33":{"name":"(anonymous_33)","decl":{"start":{"line":216,"column":23},"end":{"line":216,"column":29}},"loc":{"start":{"line":216,"column":29},"end":{"line":231,"column":null}},"line":216},"34":{"name":"(anonymous_34)","decl":{"start":{"line":217,"column":86},"end":{"line":217,"column":87}},"loc":{"start":{"line":217,"column":104},"end":{"line":220,"column":6}},"line":217},"35":{"name":"(anonymous_35)","decl":{"start":{"line":233,"column":21},"end":{"line":233,"column":27}},"loc":{"start":{"line":233,"column":27},"end":{"line":247,"column":null}},"line":233},"36":{"name":"(anonymous_36)","decl":{"start":{"line":249,"column":29},"end":{"line":249,"column":30}},"loc":{"start":{"line":249,"column":55},"end":{"line":263,"column":null}},"line":249},"37":{"name":"(anonymous_37)","decl":{"start":{"line":265,"column":20},"end":{"line":265,"column":21}},"loc":{"start":{"line":265,"column":40},"end":{"line":291,"column":null}},"line":265},"38":{"name":"(anonymous_38)","decl":{"start":{"line":281,"column":23},"end":{"line":281,"column":24}},"loc":{"start":{"line":281,"column":33},"end":{"line":281,"column":64}},"line":281},"39":{"name":"(anonymous_39)","decl":{"start":{"line":293,"column":23},"end":{"line":293,"column":29}},"loc":{"start":{"line":293,"column":29},"end":{"line":302,"column":null}},"line":293},"40":{"name":"(anonymous_40)","decl":{"start":{"line":297,"column":21},"end":{"line":297,"column":22}},"loc":{"start":{"line":297,"column":31},"end":{"line":297,"column":48}},"line":297},"41":{"name":"(anonymous_41)","decl":{"start":{"line":304,"column":25},"end":{"line":304,"column":31}},"loc":{"start":{"line":304,"column":31},"end":{"line":313,"column":null}},"line":304},"42":{"name":"(anonymous_42)","decl":{"start":{"line":315,"column":26},"end":{"line":315,"column":27}},"loc":{"start":{"line":315,"column":46},"end":{"line":334,"column":null}},"line":315},"43":{"name":"(anonymous_43)","decl":{"start":{"line":336,"column":34},"end":{"line":336,"column":35}},"loc":{"start":{"line":336,"column":54},"end":{"line":339,"column":null}},"line":336},"44":{"name":"(anonymous_44)","decl":{"start":{"line":338,"column":28},"end":{"line":338,"column":29}},"loc":{"start":{"line":338,"column":39},"end":{"line":338,"column":118}},"line":338},"45":{"name":"(anonymous_45)","decl":{"start":{"line":338,"column":75},"end":{"line":338,"column":76}},"loc":{"start":{"line":338,"column":83},"end":{"line":338,"column":96}},"line":338},"46":{"name":"(anonymous_46)","decl":{"start":{"line":341,"column":32},"end":{"line":341,"column":38}},"loc":{"start":{"line":341,"column":38},"end":{"line":348,"column":null}},"line":341},"47":{"name":"(anonymous_47)","decl":{"start":{"line":350,"column":27},"end":{"line":350,"column":28}},"loc":{"start":{"line":350,"column":65},"end":{"line":354,"column":null}},"line":350},"48":{"name":"(anonymous_48)","decl":{"start":{"line":356,"column":21},"end":{"line":356,"column":null}},"loc":{"start":{"line":357,"column":4},"end":{"line":366,"column":null}},"line":357},"49":{"name":"(anonymous_49)","decl":{"start":{"line":361,"column":25},"end":{"line":361,"column":31}},"loc":{"start":{"line":361,"column":31},"end":{"line":361,"column":51}},"line":361},"50":{"name":"(anonymous_50)","decl":{"start":{"line":363,"column":25},"end":{"line":363,"column":31}},"loc":{"start":{"line":363,"column":31},"end":{"line":363,"column":51}},"line":363},"51":{"name":"(anonymous_51)","decl":{"start":{"line":369,"column":22},"end":{"line":369,"column":null}},"loc":{"start":{"line":370,"column":4},"end":{"line":408,"column":null}},"line":370},"52":{"name":"(anonymous_52)","decl":{"start":{"line":376,"column":20},"end":{"line":376,"column":21}},"loc":{"start":{"line":377,"column":12},"end":{"line":380,"column":null}},"line":377},"53":{"name":"(anonymous_53)","decl":{"start":{"line":377,"column":21},"end":{"line":377,"column":22}},"loc":{"start":{"line":377,"column":32},"end":{"line":380,"column":14}},"line":377},"54":{"name":"(anonymous_54)","decl":{"start":{"line":388,"column":57},"end":{"line":388,"column":58}},"loc":{"start":{"line":389,"column":8},"end":{"line":402,"column":null}},"line":389},"55":{"name":"(anonymous_55)","decl":{"start":{"line":393,"column":22},"end":{"line":393,"column":23}},"loc":{"start":{"line":393,"column":33},"end":{"line":400,"column":null}},"line":393},"56":{"name":"(anonymous_56)","decl":{"start":{"line":395,"column":23},"end":{"line":395,"column":24}},"loc":{"start":{"line":395,"column":33},"end":{"line":399,"column":15}},"line":395},"57":{"name":"(anonymous_57)","decl":{"start":{"line":406,"column":25},"end":{"line":406,"column":31}},"loc":{"start":{"line":406,"column":31},"end":{"line":406,"column":50}},"line":406},"58":{"name":"(anonymous_58)","decl":{"start":{"line":411,"column":27},"end":{"line":411,"column":28}},"loc":{"start":{"line":411,"column":50},"end":{"line":425,"column":null}},"line":411},"59":{"name":"(anonymous_59)","decl":{"start":{"line":416,"column":48},"end":{"line":416,"column":49}},"loc":{"start":{"line":417,"column":12},"end":{"line":419,"column":null}},"line":417},"60":{"name":"(anonymous_60)","decl":{"start":{"line":427,"column":28},"end":{"line":427,"column":29}},"loc":{"start":{"line":428,"column":4},"end":{"line":568,"column":null}},"line":428},"61":{"name":"(anonymous_61)","decl":{"start":{"line":428,"column":22},"end":{"line":428,"column":23}},"loc":{"start":{"line":428,"column":34},"end":{"line":568,"column":5}},"line":428},"62":{"name":"(anonymous_62)","decl":{"start":{"line":436,"column":53},"end":{"line":436,"column":54}},"loc":{"start":{"line":436,"column":63},"end":{"line":436,"column":97}},"line":436},"63":{"name":"(anonymous_63)","decl":{"start":{"line":438,"column":88},"end":{"line":438,"column":89}},"loc":{"start":{"line":438,"column":99},"end":{"line":438,"column":134}},"line":438},"64":{"name":"(anonymous_64)","decl":{"start":{"line":475,"column":35},"end":{"line":475,"column":36}},"loc":{"start":{"line":476,"column":18},"end":{"line":479,"column":null}},"line":476},"65":{"name":"(anonymous_65)","decl":{"start":{"line":476,"column":73},"end":{"line":476,"column":79}},"loc":{"start":{"line":476,"column":79},"end":{"line":476,"column":null}},"line":476},"66":{"name":"(anonymous_66)","decl":{"start":{"line":519,"column":32},"end":{"line":519,"column":33}},"loc":{"start":{"line":520,"column":18},"end":{"line":528,"column":null}},"line":520},"67":{"name":"(anonymous_67)","decl":{"start":{"line":527,"column":29},"end":{"line":527,"column":35}},"loc":{"start":{"line":527,"column":35},"end":{"line":527,"column":null}},"line":527},"68":{"name":"(anonymous_68)","decl":{"start":{"line":540,"column":35},"end":{"line":540,"column":36}},"loc":{"start":{"line":541,"column":18},"end":{"line":559,"column":null}},"line":541},"69":{"name":"(anonymous_69)","decl":{"start":{"line":546,"column":52},"end":{"line":546,"column":53}},"loc":{"start":{"line":547,"column":24},"end":{"line":556,"column":null}},"line":547},"70":{"name":"(anonymous_70)","decl":{"start":{"line":554,"column":35},"end":{"line":554,"column":41}},"loc":{"start":{"line":554,"column":41},"end":{"line":554,"column":null}},"line":554},"71":{"name":"(anonymous_71)","decl":{"start":{"line":570,"column":21},"end":{"line":570,"column":27}},"loc":{"start":{"line":570,"column":27},"end":{"line":682,"column":null}},"line":570},"72":{"name":"(anonymous_72)","decl":{"start":{"line":573,"column":37},"end":{"line":573,"column":38}},"loc":{"start":{"line":573,"column":49},"end":{"line":573,"column":76}},"line":573},"73":{"name":"(anonymous_73)","decl":{"start":{"line":589,"column":29},"end":{"line":589,"column":35}},"loc":{"start":{"line":589,"column":35},"end":{"line":589,"column":54}},"line":589},"74":{"name":"(anonymous_74)","decl":{"start":{"line":591,"column":23},"end":{"line":591,"column":29}},"loc":{"start":{"line":591,"column":29},"end":{"line":595,"column":null}},"line":591},"75":{"name":"(anonymous_75)","decl":{"start":{"line":605,"column":33},"end":{"line":605,"column":34}},"loc":{"start":{"line":606,"column":14},"end":{"line":608,"column":null}},"line":606},"76":{"name":"(anonymous_76)","decl":{"start":{"line":606,"column":62},"end":{"line":606,"column":68}},"loc":{"start":{"line":606,"column":68},"end":{"line":606,"column":92}},"line":606},"77":{"name":"(anonymous_77)","decl":{"start":{"line":615,"column":43},"end":{"line":615,"column":49}},"loc":{"start":{"line":615,"column":49},"end":{"line":615,"column":null}},"line":615},"78":{"name":"(anonymous_78)","decl":{"start":{"line":615,"column":69},"end":{"line":615,"column":70}},"loc":{"start":{"line":615,"column":79},"end":{"line":615,"column":84}},"line":615},"79":{"name":"(anonymous_79)","decl":{"start":{"line":620,"column":34},"end":{"line":620,"column":35}},"loc":{"start":{"line":621,"column":18},"end":{"line":623,"column":null}},"line":621},"80":{"name":"(anonymous_80)","decl":{"start":{"line":621,"column":72},"end":{"line":621,"column":78}},"loc":{"start":{"line":621,"column":78},"end":{"line":621,"column":102}},"line":621},"81":{"name":"(anonymous_81)","decl":{"start":{"line":638,"column":19},"end":{"line":638,"column":20}},"loc":{"start":{"line":639,"column":16},"end":{"line":641,"column":null}},"line":639},"82":{"name":"(anonymous_82)","decl":{"start":{"line":651,"column":22},"end":{"line":651,"column":23}},"loc":{"start":{"line":651,"column":30},"end":{"line":655,"column":null}},"line":651},"83":{"name":"(anonymous_83)","decl":{"start":{"line":652,"column":53},"end":{"line":652,"column":54}},"loc":{"start":{"line":652,"column":66},"end":{"line":652,"column":83}},"line":652},"84":{"name":"(anonymous_84)","decl":{"start":{"line":656,"column":21},"end":{"line":656,"column":27}},"loc":{"start":{"line":656,"column":27},"end":{"line":659,"column":null}},"line":656},"85":{"name":"(anonymous_85)","decl":{"start":{"line":668,"column":56},"end":{"line":668,"column":57}},"loc":{"start":{"line":668,"column":68},"end":{"line":668,"column":97}},"line":668},"86":{"name":"(anonymous_86)","decl":{"start":{"line":671,"column":25},"end":{"line":671,"column":31}},"loc":{"start":{"line":671,"column":31},"end":{"line":673,"column":null}},"line":671},"87":{"name":"(anonymous_87)","decl":{"start":{"line":684,"column":22},"end":{"line":684,"column":28}},"loc":{"start":{"line":684,"column":28},"end":{"line":718,"column":null}},"line":684},"88":{"name":"(anonymous_88)","decl":{"start":{"line":685,"column":65},"end":{"line":685,"column":66}},"loc":{"start":{"line":685,"column":75},"end":{"line":685,"column":90}},"line":685},"89":{"name":"(anonymous_89)","decl":{"start":{"line":693,"column":35},"end":{"line":693,"column":36}},"loc":{"start":{"line":694,"column":16},"end":{"line":696,"column":null}},"line":694},"90":{"name":"(anonymous_90)","decl":{"start":{"line":704,"column":40},"end":{"line":704,"column":41}},"loc":{"start":{"line":705,"column":16},"end":{"line":707,"column":null}},"line":705},"91":{"name":"(anonymous_91)","decl":{"start":{"line":714,"column":27},"end":{"line":714,"column":33}},"loc":{"start":{"line":714,"column":33},"end":{"line":714,"column":52}},"line":714}},"branchMap":{"0":{"loc":{"start":{"line":61,"column":2},"end":{"line":61,"column":null}},"type":"if","locations":[{"start":{"line":61,"column":2},"end":{"line":61,"column":null}},{"start":{},"end":{}}],"line":61},"1":{"loc":{"start":{"line":62,"column":2},"end":{"line":62,"column":null}},"type":"if","locations":[{"start":{"line":62,"column":2},"end":{"line":62,"column":null}},{"start":{},"end":{}}],"line":62},"2":{"loc":{"start":{"line":63,"column":2},"end":{"line":63,"column":null}},"type":"if","locations":[{"start":{"line":63,"column":2},"end":{"line":63,"column":null}},{"start":{},"end":{}}],"line":63},"3":{"loc":{"start":{"line":64,"column":2},"end":{"line":64,"column":null}},"type":"if","locations":[{"start":{"line":64,"column":2},"end":{"line":64,"column":null}},{"start":{},"end":{}}],"line":64},"4":{"loc":{"start":{"line":64,"column":6},"end":{"line":64,"column":82}},"type":"binary-expr","locations":[{"start":{"line":64,"column":6},"end":{"line":64,"column":44}},{"start":{"line":64,"column":44},"end":{"line":64,"column":67}},{"start":{"line":64,"column":67},"end":{"line":64,"column":82}}],"line":64},"5":{"loc":{"start":{"line":74,"column":9},"end":{"line":74,"column":null}},"type":"binary-expr","locations":[{"start":{"line":74,"column":9},"end":{"line":74,"column":27}},{"start":{"line":74,"column":27},"end":{"line":74,"column":null}}],"line":74},"6":{"loc":{"start":{"line":78,"column":9},"end":{"line":78,"column":null}},"type":"binary-expr","locations":[{"start":{"line":78,"column":9},"end":{"line":78,"column":42}},{"start":{"line":78,"column":42},"end":{"line":78,"column":76}},{"start":{"line":78,"column":76},"end":{"line":78,"column":108}},{"start":{"line":78,"column":108},"end":{"line":78,"column":null}}],"line":78},"7":{"loc":{"start":{"line":82,"column":2},"end":{"line":82,"column":null}},"type":"if","locations":[{"start":{"line":82,"column":2},"end":{"line":82,"column":null}},{"start":{},"end":{}}],"line":82},"8":{"loc":{"start":{"line":83,"column":2},"end":{"line":83,"column":null}},"type":"if","locations":[{"start":{"line":83,"column":2},"end":{"line":83,"column":null}},{"start":{},"end":{}}],"line":83},"9":{"loc":{"start":{"line":84,"column":2},"end":{"line":84,"column":null}},"type":"if","locations":[{"start":{"line":84,"column":2},"end":{"line":84,"column":null}},{"start":{},"end":{}}],"line":84},"10":{"loc":{"start":{"line":85,"column":2},"end":{"line":85,"column":null}},"type":"if","locations":[{"start":{"line":85,"column":2},"end":{"line":85,"column":null}},{"start":{},"end":{}}],"line":85},"11":{"loc":{"start":{"line":86,"column":9},"end":{"line":86,"column":null}},"type":"binary-expr","locations":[{"start":{"line":86,"column":9},"end":{"line":86,"column":46}},{"start":{"line":86,"column":46},"end":{"line":86,"column":87}},{"start":{"line":86,"column":87},"end":{"line":86,"column":131}},{"start":{"line":86,"column":131},"end":{"line":86,"column":null}}],"line":86},"12":{"loc":{"start":{"line":105,"column":4},"end":{"line":105,"column":null}},"type":"if","locations":[{"start":{"line":105,"column":4},"end":{"line":105,"column":null}},{"start":{},"end":{}}],"line":105},"13":{"loc":{"start":{"line":112,"column":32},"end":{"line":112,"column":68}},"type":"cond-expr","locations":[{"start":{"line":112,"column":32},"end":{"line":112,"column":61}},{"start":{"line":112,"column":61},"end":{"line":112,"column":68}}],"line":112},"14":{"loc":{"start":{"line":115,"column":4},"end":{"line":118,"column":null}},"type":"if","locations":[{"start":{"line":115,"column":4},"end":{"line":118,"column":null}},{"start":{},"end":{}}],"line":115},"15":{"loc":{"start":{"line":115,"column":8},"end":{"line":115,"column":26}},"type":"binary-expr","locations":[{"start":{"line":115,"column":8},"end":{"line":115,"column":17}},{"start":{"line":115,"column":17},"end":{"line":115,"column":26}}],"line":115},"16":{"loc":{"start":{"line":116,"column":6},"end":{"line":116,"column":null}},"type":"if","locations":[{"start":{"line":116,"column":6},"end":{"line":116,"column":null}},{"start":{},"end":{}}],"line":116},"17":{"loc":{"start":{"line":119,"column":4},"end":{"line":119,"column":null}},"type":"if","locations":[{"start":{"line":119,"column":4},"end":{"line":119,"column":null}},{"start":{},"end":{}}],"line":119},"18":{"loc":{"start":{"line":120,"column":4},"end":{"line":122,"column":null}},"type":"if","locations":[{"start":{"line":120,"column":4},"end":{"line":122,"column":null}},{"start":{},"end":{}}],"line":120},"19":{"loc":{"start":{"line":125,"column":35},"end":{"line":125,"column":115}},"type":"binary-expr","locations":[{"start":{"line":125,"column":35},"end":{"line":125,"column":43}},{"start":{"line":125,"column":43},"end":{"line":125,"column":53}},{"start":{"line":125,"column":53},"end":{"line":125,"column":79}},{"start":{"line":125,"column":79},"end":{"line":125,"column":115}}],"line":125},"20":{"loc":{"start":{"line":128,"column":4},"end":{"line":128,"column":null}},"type":"if","locations":[{"start":{"line":128,"column":4},"end":{"line":128,"column":null}},{"start":{},"end":{}}],"line":128},"21":{"loc":{"start":{"line":128,"column":8},"end":{"line":128,"column":26}},"type":"binary-expr","locations":[{"start":{"line":128,"column":8},"end":{"line":128,"column":17}},{"start":{"line":128,"column":17},"end":{"line":128,"column":26}}],"line":128},"22":{"loc":{"start":{"line":133,"column":4},"end":{"line":133,"column":null}},"type":"if","locations":[{"start":{"line":133,"column":4},"end":{"line":133,"column":null}},{"start":{},"end":{}}],"line":133},"23":{"loc":{"start":{"line":134,"column":11},"end":{"line":134,"column":null}},"type":"binary-expr","locations":[{"start":{"line":134,"column":11},"end":{"line":134,"column":74}},{"start":{"line":134,"column":74},"end":{"line":134,"column":null}}],"line":134},"24":{"loc":{"start":{"line":138,"column":4},"end":{"line":141,"column":null}},"type":"if","locations":[{"start":{"line":138,"column":4},"end":{"line":141,"column":null}},{"start":{},"end":{}}],"line":138},"25":{"loc":{"start":{"line":140,"column":25},"end":{"line":140,"column":52}},"type":"binary-expr","locations":[{"start":{"line":140,"column":25},"end":{"line":140,"column":43}},{"start":{"line":140,"column":43},"end":{"line":140,"column":52}}],"line":140},"26":{"loc":{"start":{"line":143,"column":4},"end":{"line":145,"column":null}},"type":"if","locations":[{"start":{"line":143,"column":4},"end":{"line":145,"column":null}},{"start":{},"end":{}}],"line":143},"27":{"loc":{"start":{"line":147,"column":4},"end":{"line":153,"column":null}},"type":"if","locations":[{"start":{"line":147,"column":4},"end":{"line":153,"column":null}},{"start":{},"end":{}}],"line":147},"28":{"loc":{"start":{"line":148,"column":25},"end":{"line":148,"column":null}},"type":"cond-expr","locations":[{"start":{"line":148,"column":49},"end":{"line":148,"column":89}},{"start":{"line":148,"column":89},"end":{"line":148,"column":null}}],"line":148},"29":{"loc":{"start":{"line":149,"column":6},"end":{"line":149,"column":null}},"type":"if","locations":[{"start":{"line":149,"column":6},"end":{"line":149,"column":null}},{"start":{},"end":{}}],"line":149},"30":{"loc":{"start":{"line":149,"column":10},"end":{"line":149,"column":38}},"type":"binary-expr","locations":[{"start":{"line":149,"column":10},"end":{"line":149,"column":26}},{"start":{"line":149,"column":26},"end":{"line":149,"column":38}}],"line":149},"31":{"loc":{"start":{"line":150,"column":6},"end":{"line":150,"column":null}},"type":"if","locations":[{"start":{"line":150,"column":6},"end":{"line":150,"column":null}},{"start":{},"end":{}}],"line":150},"32":{"loc":{"start":{"line":151,"column":6},"end":{"line":151,"column":null}},"type":"if","locations":[{"start":{"line":151,"column":6},"end":{"line":151,"column":null}},{"start":{},"end":{}}],"line":151},"33":{"loc":{"start":{"line":155,"column":4},"end":{"line":157,"column":null}},"type":"if","locations":[{"start":{"line":155,"column":4},"end":{"line":157,"column":null}},{"start":{},"end":{}}],"line":155},"34":{"loc":{"start":{"line":155,"column":8},"end":{"line":155,"column":67}},"type":"binary-expr","locations":[{"start":{"line":155,"column":8},"end":{"line":155,"column":46}},{"start":{"line":155,"column":46},"end":{"line":155,"column":67}}],"line":155},"35":{"loc":{"start":{"line":166,"column":6},"end":{"line":166,"column":null}},"type":"if","locations":[{"start":{"line":166,"column":6},"end":{"line":166,"column":null}},{"start":{},"end":{}}],"line":166},"36":{"loc":{"start":{"line":172,"column":23},"end":{"line":172,"column":null}},"type":"binary-expr","locations":[{"start":{"line":172,"column":23},"end":{"line":172,"column":47}},{"start":{"line":172,"column":47},"end":{"line":172,"column":null}}],"line":172},"37":{"loc":{"start":{"line":185,"column":36},"end":{"line":185,"column":134}},"type":"binary-expr","locations":[{"start":{"line":185,"column":36},"end":{"line":185,"column":47}},{"start":{"line":185,"column":47},"end":{"line":185,"column":76}},{"start":{"line":185,"column":76},"end":{"line":185,"column":107}},{"start":{"line":185,"column":107},"end":{"line":185,"column":134}}],"line":185},"38":{"loc":{"start":{"line":187,"column":4},"end":{"line":187,"column":null}},"type":"binary-expr","locations":[{"start":{"line":187,"column":4},"end":{"line":187,"column":12}},{"start":{"line":187,"column":12},"end":{"line":187,"column":39}},{"start":{"line":187,"column":39},"end":{"line":187,"column":71}},{"start":{"line":187,"column":71},"end":{"line":187,"column":99}},{"start":{"line":187,"column":99},"end":{"line":187,"column":null}}],"line":187},"39":{"loc":{"start":{"line":190,"column":25},"end":{"line":190,"column":null}},"type":"cond-expr","locations":[{"start":{"line":190,"column":61},"end":{"line":190,"column":84}},{"start":{"line":190,"column":84},"end":{"line":190,"column":null}}],"line":190},"40":{"loc":{"start":{"line":192,"column":4},"end":{"line":192,"column":null}},"type":"if","locations":[{"start":{"line":192,"column":4},"end":{"line":192,"column":null}},{"start":{},"end":{}}],"line":192},"41":{"loc":{"start":{"line":192,"column":8},"end":{"line":192,"column":34}},"type":"binary-expr","locations":[{"start":{"line":192,"column":8},"end":{"line":192,"column":17}},{"start":{"line":192,"column":17},"end":{"line":192,"column":34}}],"line":192},"42":{"loc":{"start":{"line":193,"column":11},"end":{"line":193,"column":null}},"type":"binary-expr","locations":[{"start":{"line":193,"column":11},"end":{"line":193,"column":89}},{"start":{"line":193,"column":89},"end":{"line":193,"column":null}}],"line":193},"43":{"loc":{"start":{"line":197,"column":4},"end":{"line":197,"column":null}},"type":"if","locations":[{"start":{"line":197,"column":4},"end":{"line":197,"column":null}},{"start":{},"end":{}}],"line":197},"44":{"loc":{"start":{"line":212,"column":27},"end":{"line":214,"column":null}},"type":"cond-expr","locations":[{"start":{"line":213,"column":6},"end":{"line":213,"column":null}},{"start":{"line":214,"column":6},"end":{"line":214,"column":null}}],"line":212},"45":{"loc":{"start":{"line":213,"column":6},"end":{"line":213,"column":null}},"type":"binary-expr","locations":[{"start":{"line":213,"column":6},"end":{"line":213,"column":42}},{"start":{"line":213,"column":42},"end":{"line":213,"column":91}},{"start":{"line":213,"column":91},"end":{"line":213,"column":null}}],"line":213},"46":{"loc":{"start":{"line":219,"column":12},"end":{"line":219,"column":null}},"type":"binary-expr","locations":[{"start":{"line":219,"column":12},"end":{"line":219,"column":27}},{"start":{"line":219,"column":27},"end":{"line":219,"column":null}}],"line":219},"47":{"loc":{"start":{"line":235,"column":4},"end":{"line":238,"column":null}},"type":"if","locations":[{"start":{"line":235,"column":4},"end":{"line":238,"column":null}},{"start":{},"end":{}}],"line":235},"48":{"loc":{"start":{"line":251,"column":4},"end":{"line":251,"column":null}},"type":"if","locations":[{"start":{"line":251,"column":4},"end":{"line":251,"column":null}},{"start":{},"end":{}}],"line":251},"49":{"loc":{"start":{"line":251,"column":8},"end":{"line":251,"column":42}},"type":"binary-expr","locations":[{"start":{"line":251,"column":8},"end":{"line":251,"column":24}},{"start":{"line":251,"column":24},"end":{"line":251,"column":42}}],"line":251},"50":{"loc":{"start":{"line":253,"column":4},"end":{"line":253,"column":null}},"type":"if","locations":[{"start":{"line":253,"column":4},"end":{"line":253,"column":null}},{"start":{},"end":{}}],"line":253},"51":{"loc":{"start":{"line":266,"column":4},"end":{"line":266,"column":null}},"type":"if","locations":[{"start":{"line":266,"column":4},"end":{"line":266,"column":null}},{"start":{},"end":{}}],"line":266},"52":{"loc":{"start":{"line":267,"column":27},"end":{"line":267,"column":null}},"type":"binary-expr","locations":[{"start":{"line":267,"column":27},"end":{"line":267,"column":66}},{"start":{"line":267,"column":66},"end":{"line":267,"column":null}}],"line":267},"53":{"loc":{"start":{"line":268,"column":33},"end":{"line":268,"column":null}},"type":"cond-expr","locations":[{"start":{"line":268,"column":50},"end":{"line":268,"column":74}},{"start":{"line":268,"column":74},"end":{"line":268,"column":null}}],"line":268},"54":{"loc":{"start":{"line":270,"column":4},"end":{"line":273,"column":null}},"type":"if","locations":[{"start":{"line":270,"column":4},"end":{"line":273,"column":null}},{"start":{},"end":{}}],"line":270},"55":{"loc":{"start":{"line":275,"column":35},"end":{"line":275,"column":null}},"type":"binary-expr","locations":[{"start":{"line":275,"column":35},"end":{"line":275,"column":55}},{"start":{"line":275,"column":55},"end":{"line":275,"column":null}}],"line":275},"56":{"loc":{"start":{"line":277,"column":4},"end":{"line":279,"column":null}},"type":"if","locations":[{"start":{"line":277,"column":4},"end":{"line":279,"column":null}},{"start":{},"end":{}}],"line":277},"57":{"loc":{"start":{"line":277,"column":8},"end":{"line":277,"column":81}},"type":"binary-expr","locations":[{"start":{"line":277,"column":8},"end":{"line":277,"column":34}},{"start":{"line":277,"column":34},"end":{"line":277,"column":81}}],"line":277},"58":{"loc":{"start":{"line":280,"column":4},"end":{"line":282,"column":null}},"type":"if","locations":[{"start":{"line":280,"column":4},"end":{"line":282,"column":null}},{"start":{},"end":{}}],"line":280},"59":{"loc":{"start":{"line":283,"column":4},"end":{"line":285,"column":null}},"type":"if","locations":[{"start":{"line":283,"column":4},"end":{"line":285,"column":null}},{"start":{},"end":{}}],"line":283},"60":{"loc":{"start":{"line":294,"column":4},"end":{"line":294,"column":null}},"type":"if","locations":[{"start":{"line":294,"column":4},"end":{"line":294,"column":null}},{"start":{},"end":{}}],"line":294},"61":{"loc":{"start":{"line":305,"column":4},"end":{"line":305,"column":null}},"type":"if","locations":[{"start":{"line":305,"column":4},"end":{"line":305,"column":null}},{"start":{},"end":{}}],"line":305},"62":{"loc":{"start":{"line":316,"column":4},"end":{"line":316,"column":null}},"type":"if","locations":[{"start":{"line":316,"column":4},"end":{"line":316,"column":null}},{"start":{},"end":{}}],"line":316},"63":{"loc":{"start":{"line":316,"column":8},"end":{"line":316,"column":26}},"type":"binary-expr","locations":[{"start":{"line":316,"column":8},"end":{"line":316,"column":17}},{"start":{"line":316,"column":17},"end":{"line":316,"column":26}}],"line":316},"64":{"loc":{"start":{"line":317,"column":4},"end":{"line":317,"column":null}},"type":"if","locations":[{"start":{"line":317,"column":4},"end":{"line":317,"column":null}},{"start":{},"end":{}}],"line":317},"65":{"loc":{"start":{"line":318,"column":4},"end":{"line":318,"column":null}},"type":"if","locations":[{"start":{"line":318,"column":4},"end":{"line":318,"column":null}},{"start":{},"end":{}}],"line":318},"66":{"loc":{"start":{"line":319,"column":4},"end":{"line":319,"column":null}},"type":"if","locations":[{"start":{"line":319,"column":4},"end":{"line":319,"column":null}},{"start":{},"end":{}}],"line":319},"67":{"loc":{"start":{"line":321,"column":21},"end":{"line":321,"column":null}},"type":"binary-expr","locations":[{"start":{"line":321,"column":21},"end":{"line":321,"column":55}},{"start":{"line":321,"column":55},"end":{"line":321,"column":null}}],"line":321},"68":{"loc":{"start":{"line":322,"column":4},"end":{"line":322,"column":null}},"type":"if","locations":[{"start":{"line":322,"column":4},"end":{"line":322,"column":null}},{"start":{},"end":{}}],"line":322},"69":{"loc":{"start":{"line":326,"column":4},"end":{"line":329,"column":null}},"type":"if","locations":[{"start":{"line":326,"column":4},"end":{"line":329,"column":null}},{"start":{},"end":{}}],"line":326},"70":{"loc":{"start":{"line":332,"column":22},"end":{"line":332,"column":null}},"type":"cond-expr","locations":[{"start":{"line":332,"column":45},"end":{"line":332,"column":63}},{"start":{"line":332,"column":63},"end":{"line":332,"column":null}}],"line":332},"71":{"loc":{"start":{"line":337,"column":4},"end":{"line":337,"column":null}},"type":"if","locations":[{"start":{"line":337,"column":4},"end":{"line":337,"column":null}},{"start":{},"end":{}}],"line":337},"72":{"loc":{"start":{"line":337,"column":8},"end":{"line":337,"column":68}},"type":"binary-expr","locations":[{"start":{"line":337,"column":8},"end":{"line":337,"column":27}},{"start":{"line":337,"column":27},"end":{"line":337,"column":68}}],"line":337},"73":{"loc":{"start":{"line":338,"column":39},"end":{"line":338,"column":118}},"type":"cond-expr","locations":[{"start":{"line":338,"column":63},"end":{"line":338,"column":100}},{"start":{"line":338,"column":100},"end":{"line":338,"column":118}}],"line":338},"74":{"loc":{"start":{"line":342,"column":4},"end":{"line":342,"column":null}},"type":"if","locations":[{"start":{"line":342,"column":4},"end":{"line":342,"column":null}},{"start":{},"end":{}}],"line":342},"75":{"loc":{"start":{"line":342,"column":8},"end":{"line":342,"column":46}},"type":"binary-expr","locations":[{"start":{"line":342,"column":8},"end":{"line":342,"column":27}},{"start":{"line":342,"column":27},"end":{"line":342,"column":46}}],"line":342},"76":{"loc":{"start":{"line":351,"column":4},"end":{"line":351,"column":null}},"type":"if","locations":[{"start":{"line":351,"column":4},"end":{"line":351,"column":null}},{"start":{},"end":{}}],"line":351},"77":{"loc":{"start":{"line":351,"column":8},"end":{"line":351,"column":69}},"type":"binary-expr","locations":[{"start":{"line":351,"column":8},"end":{"line":351,"column":40}},{"start":{"line":351,"column":40},"end":{"line":351,"column":69}}],"line":351},"78":{"loc":{"start":{"line":353,"column":11},"end":{"line":353,"column":null}},"type":"cond-expr","locations":[{"start":{"line":353,"column":43},"end":{"line":353,"column":93}},{"start":{"line":353,"column":93},"end":{"line":353,"column":null}}],"line":353},"79":{"loc":{"start":{"line":365,"column":7},"end":{"line":365,"column":null}},"type":"binary-expr","locations":[{"start":{"line":365,"column":7},"end":{"line":365,"column":16}},{"start":{"line":365,"column":16},"end":{"line":365,"column":null}}],"line":365},"80":{"loc":{"start":{"line":432,"column":38},"end":{"line":432,"column":109}},"type":"binary-expr","locations":[{"start":{"line":432,"column":38},"end":{"line":432,"column":52}},{"start":{"line":432,"column":52},"end":{"line":432,"column":86}},{"start":{"line":432,"column":86},"end":{"line":432,"column":109}}],"line":432},"81":{"loc":{"start":{"line":434,"column":46},"end":{"line":434,"column":121}},"type":"binary-expr","locations":[{"start":{"line":434,"column":46},"end":{"line":434,"column":64}},{"start":{"line":434,"column":64},"end":{"line":434,"column":98}},{"start":{"line":434,"column":98},"end":{"line":434,"column":121}}],"line":434},"82":{"loc":{"start":{"line":435,"column":28},"end":{"line":437,"column":null}},"type":"cond-expr","locations":[{"start":{"line":436,"column":11},"end":{"line":436,"column":null}},{"start":{"line":437,"column":10},"end":{"line":437,"column":null}}],"line":435},"83":{"loc":{"start":{"line":436,"column":11},"end":{"line":436,"column":null}},"type":"cond-expr","locations":[{"start":{"line":436,"column":28},"end":{"line":436,"column":101}},{"start":{"line":436,"column":101},"end":{"line":436,"column":null}}],"line":436},"84":{"loc":{"start":{"line":441,"column":38},"end":{"line":441,"column":63}},"type":"cond-expr","locations":[{"start":{"line":441,"column":50},"end":{"line":441,"column":61}},{"start":{"line":441,"column":61},"end":{"line":441,"column":63}}],"line":441},"85":{"loc":{"start":{"line":447,"column":11},"end":{"line":494,"column":null}},"type":"cond-expr","locations":[{"start":{"line":448,"column":12},"end":{"line":493,"column":null}},{"start":{"line":494,"column":14},"end":{"line":494,"column":null}}],"line":447},"86":{"loc":{"start":{"line":447,"column":11},"end":{"line":447,"column":null}},"type":"binary-expr","locations":[{"start":{"line":447,"column":11},"end":{"line":447,"column":29}},{"start":{"line":447,"column":29},"end":{"line":447,"column":43}},{"start":{"line":447,"column":43},"end":{"line":447,"column":null}}],"line":447},"87":{"loc":{"start":{"line":449,"column":15},"end":{"line":449,"column":null}},"type":"binary-expr","locations":[{"start":{"line":449,"column":15},"end":{"line":449,"column":36}},{"start":{"line":449,"column":36},"end":{"line":449,"column":null}}],"line":449},"88":{"loc":{"start":{"line":450,"column":15},"end":{"line":451,"column":null}},"type":"binary-expr","locations":[{"start":{"line":450,"column":15},"end":{"line":450,"column":null}},{"start":{"line":451,"column":16},"end":{"line":451,"column":null}}],"line":450},"89":{"loc":{"start":{"line":453,"column":15},"end":{"line":453,"column":null}},"type":"binary-expr","locations":[{"start":{"line":453,"column":15},"end":{"line":453,"column":25}},{"start":{"line":453,"column":25},"end":{"line":453,"column":null}}],"line":453},"90":{"loc":{"start":{"line":454,"column":15},"end":{"line":473,"column":null}},"type":"cond-expr","locations":[{"start":{"line":455,"column":16},"end":{"line":472,"column":null}},{"start":{"line":473,"column":18},"end":{"line":473,"column":null}}],"line":454},"91":{"loc":{"start":{"line":454,"column":15},"end":{"line":454,"column":null}},"type":"binary-expr","locations":[{"start":{"line":454,"column":15},"end":{"line":454,"column":33}},{"start":{"line":454,"column":33},"end":{"line":454,"column":null}}],"line":454},"92":{"loc":{"start":{"line":462,"column":21},"end":{"line":462,"column":null}},"type":"cond-expr","locations":[{"start":{"line":462,"column":65},"end":{"line":462,"column":100}},{"start":{"line":462,"column":100},"end":{"line":462,"column":null}}],"line":462},"93":{"loc":{"start":{"line":464,"column":19},"end":{"line":467,"column":null}},"type":"cond-expr","locations":[{"start":{"line":465,"column":20},"end":{"line":465,"column":null}},{"start":{"line":467,"column":20},"end":{"line":467,"column":null}}],"line":464},"94":{"loc":{"start":{"line":478,"column":21},"end":{"line":478,"column":null}},"type":"cond-expr","locations":[{"start":{"line":478,"column":46},"end":{"line":478,"column":112}},{"start":{"line":478,"column":112},"end":{"line":478,"column":null}}],"line":478},"95":{"loc":{"start":{"line":481,"column":17},"end":{"line":481,"column":null}},"type":"binary-expr","locations":[{"start":{"line":481,"column":17},"end":{"line":481,"column":47}},{"start":{"line":481,"column":47},"end":{"line":481,"column":66}},{"start":{"line":481,"column":66},"end":{"line":481,"column":null}}],"line":481},"96":{"loc":{"start":{"line":483,"column":15},"end":{"line":492,"column":null}},"type":"cond-expr","locations":[{"start":{"line":484,"column":16},"end":{"line":491,"column":null}},{"start":{"line":492,"column":18},"end":{"line":492,"column":null}}],"line":483},"97":{"loc":{"start":{"line":483,"column":15},"end":{"line":483,"column":null}},"type":"binary-expr","locations":[{"start":{"line":483,"column":15},"end":{"line":483,"column":43}},{"start":{"line":483,"column":43},"end":{"line":483,"column":null}}],"line":483},"98":{"loc":{"start":{"line":498,"column":13},"end":{"line":511,"column":null}},"type":"cond-expr","locations":[{"start":{"line":499,"column":14},"end":{"line":508,"column":null}},{"start":{"line":511,"column":14},"end":{"line":511,"column":null}}],"line":498},"99":{"loc":{"start":{"line":499,"column":14},"end":{"line":508,"column":null}},"type":"cond-expr","locations":[{"start":{"line":500,"column":16},"end":{"line":506,"column":null}},{"start":{"line":508,"column":16},"end":{"line":508,"column":null}}],"line":499},"100":{"loc":{"start":{"line":518,"column":15},"end":{"line":531,"column":null}},"type":"cond-expr","locations":[{"start":{"line":519,"column":16},"end":{"line":529,"column":null}},{"start":{"line":531,"column":16},"end":{"line":531,"column":null}}],"line":518},"101":{"loc":{"start":{"line":539,"column":15},"end":{"line":562,"column":null}},"type":"cond-expr","locations":[{"start":{"line":540,"column":16},"end":{"line":560,"column":null}},{"start":{"line":562,"column":16},"end":{"line":562,"column":null}}],"line":539},"102":{"loc":{"start":{"line":555,"column":38},"end":{"line":555,"column":null}},"type":"cond-expr","locations":[{"start":{"line":555,"column":70},"end":{"line":555,"column":112}},{"start":{"line":555,"column":112},"end":{"line":555,"column":null}}],"line":555},"103":{"loc":{"start":{"line":571,"column":4},"end":{"line":571,"column":null}},"type":"if","locations":[{"start":{"line":571,"column":4},"end":{"line":571,"column":null}},{"start":{},"end":{}}],"line":571},"104":{"loc":{"start":{"line":571,"column":8},"end":{"line":571,"column":26}},"type":"binary-expr","locations":[{"start":{"line":571,"column":8},"end":{"line":571,"column":17}},{"start":{"line":571,"column":17},"end":{"line":571,"column":26}}],"line":571},"105":{"loc":{"start":{"line":574,"column":28},"end":{"line":574,"column":null}},"type":"cond-expr","locations":[{"start":{"line":574,"column":48},"end":{"line":574,"column":53}},{"start":{"line":574,"column":53},"end":{"line":574,"column":null}}],"line":574},"106":{"loc":{"start":{"line":585,"column":13},"end":{"line":585,"column":null}},"type":"binary-expr","locations":[{"start":{"line":585,"column":13},"end":{"line":585,"column":45}},{"start":{"line":585,"column":45},"end":{"line":585,"column":null}}],"line":585},"107":{"loc":{"start":{"line":586,"column":13},"end":{"line":586,"column":null}},"type":"binary-expr","locations":[{"start":{"line":586,"column":13},"end":{"line":586,"column":26}},{"start":{"line":586,"column":26},"end":{"line":586,"column":null}}],"line":586},"108":{"loc":{"start":{"line":586,"column":57},"end":{"line":586,"column":83}},"type":"binary-expr","locations":[{"start":{"line":586,"column":57},"end":{"line":586,"column":73}},{"start":{"line":586,"column":73},"end":{"line":586,"column":83}}],"line":586},"109":{"loc":{"start":{"line":610,"column":13},"end":{"line":611,"column":null}},"type":"binary-expr","locations":[{"start":{"line":610,"column":13},"end":{"line":610,"column":null}},{"start":{"line":611,"column":14},"end":{"line":611,"column":null}}],"line":610},"110":{"loc":{"start":{"line":611,"column":18},"end":{"line":611,"column":127}},"type":"cond-expr","locations":[{"start":{"line":611,"column":38},"end":{"line":611,"column":98}},{"start":{"line":611,"column":98},"end":{"line":611,"column":127}}],"line":611},"111":{"loc":{"start":{"line":616,"column":15},"end":{"line":616,"column":50}},"type":"cond-expr","locations":[{"start":{"line":616,"column":34},"end":{"line":616,"column":43}},{"start":{"line":616,"column":43},"end":{"line":616,"column":50}}],"line":616},"112":{"loc":{"start":{"line":618,"column":13},"end":{"line":625,"column":null}},"type":"binary-expr","locations":[{"start":{"line":618,"column":13},"end":{"line":618,"column":null}},{"start":{"line":619,"column":14},"end":{"line":625,"column":null}}],"line":618},"113":{"loc":{"start":{"line":646,"column":9},"end":{"line":660,"column":null}},"type":"binary-expr","locations":[{"start":{"line":646,"column":9},"end":{"line":646,"column":null}},{"start":{"line":647,"column":10},"end":{"line":660,"column":null}}],"line":646},"114":{"loc":{"start":{"line":653,"column":14},"end":{"line":653,"column":null}},"type":"if","locations":[{"start":{"line":653,"column":14},"end":{"line":653,"column":null}},{"start":{},"end":{}}],"line":653},"115":{"loc":{"start":{"line":663,"column":9},"end":{"line":678,"column":null}},"type":"binary-expr","locations":[{"start":{"line":663,"column":9},"end":{"line":663,"column":29}},{"start":{"line":663,"column":29},"end":{"line":663,"column":null}},{"start":{"line":664,"column":10},"end":{"line":678,"column":null}}],"line":663},"116":{"loc":{"start":{"line":668,"column":38},"end":{"line":668,"column":124}},"type":"binary-expr","locations":[{"start":{"line":668,"column":38},"end":{"line":668,"column":108}},{"start":{"line":668,"column":108},"end":{"line":668,"column":124}}],"line":668},"117":{"loc":{"start":{"line":698,"column":15},"end":{"line":698,"column":null}},"type":"binary-expr","locations":[{"start":{"line":698,"column":15},"end":{"line":698,"column":47}},{"start":{"line":698,"column":47},"end":{"line":698,"column":null}}],"line":698},"118":{"loc":{"start":{"line":706,"column":72},"end":{"line":706,"column":98}},"type":"binary-expr","locations":[{"start":{"line":706,"column":72},"end":{"line":706,"column":92}},{"start":{"line":706,"column":92},"end":{"line":706,"column":98}}],"line":706},"119":{"loc":{"start":{"line":709,"column":15},"end":{"line":709,"column":null}},"type":"binary-expr","locations":[{"start":{"line":709,"column":15},"end":{"line":709,"column":39}},{"start":{"line":709,"column":39},"end":{"line":709,"column":null}}],"line":709},"120":{"loc":{"start":{"line":722,"column":7},"end":{"line":722,"column":null}},"type":"binary-expr","locations":[{"start":{"line":722,"column":7},"end":{"line":722,"column":28}},{"start":{"line":722,"column":28},"end":{"line":722,"column":null}}],"line":722},"121":{"loc":{"start":{"line":723,"column":7},"end":{"line":723,"column":null}},"type":"binary-expr","locations":[{"start":{"line":723,"column":7},"end":{"line":723,"column":29}},{"start":{"line":723,"column":29},"end":{"line":723,"column":null}}],"line":723},"122":{"loc":{"start":{"line":724,"column":7},"end":{"line":724,"column":null}},"type":"binary-expr","locations":[{"start":{"line":724,"column":7},"end":{"line":724,"column":28}},{"start":{"line":724,"column":28},"end":{"line":724,"column":null}}],"line":724},"123":{"loc":{"start":{"line":725,"column":7},"end":{"line":725,"column":null}},"type":"binary-expr","locations":[{"start":{"line":725,"column":7},"end":{"line":725,"column":29}},{"start":{"line":725,"column":29},"end":{"line":725,"column":null}}],"line":725}},"s":{"0":4,"1":13,"2":32,"3":10,"4":22,"5":0,"6":22,"7":0,"8":22,"9":0,"10":22,"11":5,"12":3,"13":3,"14":3,"15":5,"16":0,"17":5,"18":0,"19":5,"20":1,"21":4,"22":4,"23":0,"24":21,"25":21,"26":21,"27":21,"28":21,"29":21,"30":4,"31":21,"32":4,"33":21,"34":21,"35":21,"36":21,"37":21,"38":21,"39":21,"40":12,"41":4,"42":8,"43":0,"44":8,"45":8,"46":21,"47":12,"48":21,"49":12,"50":4,"51":0,"52":4,"53":8,"54":6,"55":2,"56":0,"57":21,"58":21,"59":12,"60":4,"61":8,"62":21,"63":0,"64":0,"65":0,"66":0,"67":21,"68":5,"69":5,"70":5,"71":0,"72":0,"73":0,"74":0,"75":0,"76":0,"77":0,"78":0,"79":0,"80":0,"81":0,"82":0,"83":0,"84":0,"85":21,"86":12,"87":12,"88":16,"89":16,"90":11,"91":5,"92":5,"93":16,"94":16,"95":12,"96":21,"97":12,"98":21,"99":12,"100":16,"101":21,"102":21,"103":21,"104":21,"105":12,"106":10,"107":2,"108":4,"109":21,"110":5,"111":4,"112":1,"113":10,"114":1,"115":1,"116":21,"117":13,"118":1,"119":21,"120":5,"121":2,"122":21,"123":21,"124":4,"125":8,"126":4,"127":4,"128":4,"129":4,"130":4,"131":4,"132":4,"133":4,"134":4,"135":21,"136":0,"137":0,"138":0,"139":0,"140":0,"141":0,"142":0,"143":0,"144":0,"145":0,"146":0,"147":0,"148":21,"149":3,"150":3,"151":3,"152":0,"153":0,"154":0,"155":0,"156":0,"157":0,"158":0,"159":0,"160":0,"161":0,"162":0,"163":0,"164":21,"165":3,"166":0,"167":3,"168":3,"169":3,"170":3,"171":0,"172":0,"173":3,"174":3,"175":3,"176":3,"177":0,"178":3,"179":2,"180":2,"181":3,"182":1,"183":3,"184":3,"185":3,"186":3,"187":3,"188":21,"189":1,"190":0,"191":1,"192":1,"193":1,"194":1,"195":1,"196":1,"197":1,"198":1,"199":21,"200":0,"201":0,"202":0,"203":0,"204":0,"205":0,"206":0,"207":0,"208":0,"209":21,"210":3,"211":0,"212":3,"213":0,"214":3,"215":0,"216":3,"217":1,"218":2,"219":3,"220":0,"221":2,"222":2,"223":2,"224":2,"225":0,"226":0,"227":3,"228":21,"229":1,"230":0,"231":1,"232":1,"233":0,"234":21,"235":1,"236":0,"237":1,"238":21,"239":11,"240":11,"241":0,"242":0,"243":21,"244":4,"245":4,"246":0,"247":21,"248":4,"249":0,"250":0,"251":8,"252":0,"253":0,"254":0,"255":0,"256":0,"257":0,"258":21,"259":17,"260":17,"261":17,"262":21,"263":13,"264":26,"265":26,"266":26,"267":26,"268":26,"269":26,"270":26,"271":0,"272":26,"273":260,"274":26,"275":11,"276":0,"277":13,"278":1,"279":13,"280":13,"281":0,"282":21,"283":13,"284":0,"285":13,"286":13,"287":26,"288":13,"289":13,"290":0,"291":0,"292":0,"293":0,"294":16,"295":0,"296":0,"297":0,"298":0,"299":0,"300":0,"301":0,"302":0,"303":0,"304":0,"305":0,"306":0,"307":0,"308":5,"309":4,"310":21,"311":0,"312":0,"313":0,"314":0,"315":0,"316":0,"317":21},"f":{"0":4,"1":13,"2":32,"3":5,"4":3,"5":3,"6":5,"7":21,"8":4,"9":4,"10":12,"11":0,"12":8,"13":12,"14":12,"15":12,"16":0,"17":0,"18":5,"19":12,"20":16,"21":12,"22":12,"23":16,"24":12,"25":4,"26":5,"27":10,"28":1,"29":13,"30":1,"31":5,"32":2,"33":4,"34":8,"35":0,"36":3,"37":3,"38":2,"39":1,"40":1,"41":0,"42":3,"43":1,"44":1,"45":0,"46":1,"47":11,"48":4,"49":4,"50":0,"51":4,"52":0,"53":0,"54":8,"55":0,"56":0,"57":0,"58":17,"59":17,"60":13,"61":26,"62":0,"63":260,"64":11,"65":0,"66":13,"67":1,"68":13,"69":13,"70":0,"71":13,"72":26,"73":0,"74":0,"75":16,"76":0,"77":0,"78":0,"79":0,"80":0,"81":0,"82":0,"83":0,"84":0,"85":5,"86":4,"87":0,"88":0,"89":0,"90":0,"91":0},"b":{"0":[10,22],"1":[0,22],"2":[0,22],"3":[0,22],"4":[22,0,0],"5":[3,3],"6":[3,1,1,1],"7":[0,5],"8":[0,5],"9":[1,4],"10":[4,0],"11":[0,0,0,0],"12":[4,8],"13":[8,4],"14":[4,8],"15":[12,8],"16":[0,4],"17":[6,2],"18":[0,2],"19":[21,13,13,13],"20":[4,8],"21":[12,8],"22":[0,0],"23":[0,0],"24":[5,0],"25":[5,5],"26":[0,0],"27":[0,0],"28":[0,0],"29":[0,0],"30":[0,0],"31":[0,0],"32":[0,0],"33":[0,0],"34":[0,0],"35":[11,5],"36":[5,5],"37":[21,13,9,9],"38":[21,13,9,9,2],"39":[4,17],"40":[10,2],"41":[12,8],"42":[2,0],"43":[4,1],"44":[4,17],"45":[4,1,0],"46":[8,0],"47":[0,0],"48":[3,0],"49":[3,0],"50":[0,0],"51":[0,3],"52":[3,2],"53":[2,1],"54":[0,3],"55":[3,0],"56":[0,3],"57":[3,3],"58":[2,1],"59":[1,2],"60":[0,1],"61":[0,0],"62":[0,3],"63":[3,3],"64":[0,3],"65":[0,3],"66":[1,2],"67":[2,0],"68":[0,3],"69":[2,0],"70":[0,0],"71":[0,1],"72":[1,1],"73":[0,1],"74":[0,1],"75":[1,1],"76":[11,0],"77":[11,0],"78":[0,0],"79":[4,0],"80":[26,9,9],"81":[26,4,3],"82":[13,13],"83":[4,9],"84":[13,13],"85":[9,17],"86":[26,13,9],"87":[9,3],"88":[9,1],"89":[9,9],"90":[3,6],"91":[9,3],"92":[0,3],"93":[1,2],"94":[0,11],"95":[9,3,0],"96":[2,7],"97":[9,2],"98":[9,17],"99":[9,0],"100":[13,13],"101":[13,13],"102":[0,13],"103":[0,13],"104":[13,13],"105":[4,9],"106":[13,13],"107":[13,0],"108":[0,0],"109":[13,4],"110":[4,0],"111":[0,13],"112":[13,0],"113":[13,0],"114":[0,0],"115":[13,4,4],"116":[4,0],"117":[0,0],"118":[0,0],"119":[0,0],"120":[21,4],"121":[21,4],"122":[21,13],"123":[21,0]},"meta":{"lastBranch":124,"lastFunction":92,"lastStatement":318,"seen":{"f:49:9:49:36":0,"s:50:2:53:Infinity":0,"f:56:9:56:20":1,"s:57:2:57:Infinity":1,"f:60:9:60:24":2,"b:61:2:61:Infinity:undefined:undefined:undefined:undefined":0,"s:61:2:61:Infinity":2,"s:61:38:61:Infinity":3,"b:62:2:62:Infinity:undefined:undefined:undefined:undefined":1,"s:62:2:62:Infinity":4,"s:62:39:62:Infinity":5,"b:63:2:63:Infinity:undefined:undefined:undefined:undefined":2,"s:63:2:63:Infinity":6,"s:63:37:63:Infinity":7,"b:64:2:64:Infinity:undefined:undefined:undefined:undefined":3,"s:64:2:64:Infinity":8,"b:64:6:64:44:64:44:64:67:64:67:64:82":4,"s:64:82:64:Infinity":9,"s:65:2:65:Infinity":10,"f:68:9:68:25":3,"s:69:2:69:Infinity":11,"f:72:9:72:24":4,"s:73:8:73:Infinity":12,"s:74:2:74:Infinity":13,"b:74:9:74:27:74:27:74:Infinity":5,"f:77:9:77:32":5,"s:78:2:78:Infinity":14,"b:78:9:78:42:78:42:78:76:78:76:78:108:78:108:78:Infinity":6,"f:81:9:81:35":6,"b:82:2:82:Infinity:undefined:undefined:undefined:undefined":7,"s:82:2:82:Infinity":15,"s:82:34:82:Infinity":16,"b:83:2:83:Infinity:undefined:undefined:undefined:undefined":8,"s:83:2:83:Infinity":17,"s:83:41:83:Infinity":18,"b:84:2:84:Infinity:undefined:undefined:undefined:undefined":9,"s:84:2:84:Infinity":19,"s:84:82:84:Infinity":20,"b:85:2:85:Infinity:undefined:undefined:undefined:undefined":10,"s:85:2:85:Infinity":21,"s:85:26:85:Infinity":22,"s:86:2:86:Infinity":23,"b:86:9:86:46:86:46:86:87:86:87:86:131:86:131:86:Infinity":11,"f:89:9:89:15":7,"s:90:26:90:Infinity":24,"s:91:22:91:Infinity":25,"s:92:24:92:Infinity":26,"s:93:24:93:Infinity":27,"s:94:46:94:Infinity":28,"s:95:28:95:Infinity":29,"f:95:58:95:64":8,"s:95:58:95:82":30,"s:96:30:96:Infinity":31,"f:96:60:96:66":9,"s:96:60:96:85":32,"s:97:28:97:Infinity":33,"s:98:42:98:Infinity":34,"s:99:54:99:Infinity":35,"s:100:46:100:Infinity":36,"s:101:40:101:Infinity":37,"s:102:8:102:Infinity":38,"s:104:2:110:Infinity":39,"f:104:12:104:18":10,"b:105:4:105:Infinity:undefined:undefined:undefined:undefined":12,"s:105:4:105:Infinity":40,"s:105:15:105:Infinity":41,"s:106:19:108:Infinity":42,"f:106:37:106:43":11,"s:107:6:107:Infinity":43,"s:109:4:109:Infinity":44,"f:109:11:109:17":12,"s:109:17:109:Infinity":45,"s:112:8:112:Infinity":46,"f:112:25:112:32":13,"s:112:32:112:68":47,"b:112:32:112:61:112:61:112:68":13,"s:114:2:123:Infinity":48,"f:114:12:114:18":14,"b:115:4:118:Infinity:undefined:undefined:undefined:undefined":14,"s:115:4:118:Infinity":49,"b:115:8:115:17:115:17:115:26":15,"b:116:6:116:Infinity:undefined:undefined:undefined:undefined":16,"s:116:6:116:Infinity":50,"s:116:36:116:Infinity":51,"s:117:6:117:Infinity":52,"b:119:4:119:Infinity:undefined:undefined:undefined:undefined":17,"s:119:4:119:Infinity":53,"s:119:36:119:Infinity":54,"b:120:4:122:Infinity:undefined:undefined:undefined:undefined":18,"s:120:4:122:Infinity":55,"s:121:6:121:Infinity":56,"s:125:27:125:Infinity":57,"b:125:35:125:43:125:43:125:53:125:53:125:79:125:79:125:115":19,"s:127:8:130:Infinity":58,"f:127:31:127:37":15,"b:128:4:128:Infinity:undefined:undefined:undefined:undefined":20,"s:128:4:128:Infinity":59,"b:128:8:128:17:128:17:128:26":21,"s:128:26:128:Infinity":60,"s:129:4:129:Infinity":61,"s:132:8:135:Infinity":62,"f:132:37:132:38":16,"b:133:4:133:Infinity:undefined:undefined:undefined:undefined":22,"s:133:4:133:Infinity":63,"s:133:15:133:Infinity":64,"s:134:4:134:Infinity":65,"b:134:11:134:74:134:74:134:Infinity":23,"f:134:29:134:30":17,"s:134:41:134:63":66,"s:137:8:160:Infinity":67,"f:137:41:137:42":18,"b:138:4:141:Infinity:undefined:undefined:undefined:undefined":24,"s:138:4:141:Infinity":68,"s:139:12:139:Infinity":69,"s:140:6:140:Infinity":70,"b:140:25:140:43:140:43:140:52":25,"b:143:4:145:Infinity:undefined:undefined:undefined:undefin
[...]
tart":{"line":57,"column":32},"end":{"line":57,"column":60}}],"line":57},"15":{"loc":{"start":{"line":61,"column":2},"end":{"line":70,"column":null}},"type":"if","locations":[{"start":{"line":61,"column":2},"end":{"line":70,"column":null}},{"start":{},"end":{}}],"line":61},"16":{"loc":{"start":{"line":61,"column":6},"end":{"line":61,"column":65}},"type":"binary-expr","locations":[{"start":{"line":61,"column":6},"end":{"line":61,"column":32}},{"start":{"line":61,"column":32},"end":{"line":61,"column":65}}],"line":61},"17":{"loc":{"start":{"line":62,"column":35},"end":{"line":62,"column":56}},"type":"binary-expr","locations":[{"start":{"line":62,"column":35},"end":{"line":62,"column":54}},{"start":{"line":62,"column":54},"end":{"line":62,"column":56}}],"line":62},"18":{"loc":{"start":{"line":63,"column":18},"end":{"line":63,"column":null}},"type":"cond-expr","locations":[{"start":{"line":63,"column":34},"end":{"line":63,"column":83}},{"start":{"line":63,"column":83},"end":{"line":63,"column":null}}],"line":63},"19":{"loc":{"start":{"line":64,"column":19},"end":{"line":64,"column":null}},"type":"cond-expr","locations":[{"start":{"line":64,"column":35},"end":{"line":64,"column":84}},{"start":{"line":64,"column":84},"end":{"line":64,"column":null}}],"line":64},"20":{"loc":{"start":{"line":78,"column":18},"end":{"line":78,"column":null}},"type":"cond-expr","locations":[{"start":{"line":78,"column":32},"end":{"line":78,"column":71}},{"start":{"line":78,"column":71},"end":{"line":78,"column":null}}],"line":78},"21":{"loc":{"start":{"line":79,"column":20},"end":{"line":79,"column":null}},"type":"cond-expr","locations":[{"start":{"line":79,"column":34},"end":{"line":79,"column":75}},{"start":{"line":79,"column":75},"end":{"line":79,"column":null}}],"line":79},"22":{"loc":{"start":{"line":85,"column":20},"end":{"line":85,"column":49}},"type":"binary-expr","locations":[{"start":{"line":85,"column":20},"end":{"line":85,"column":39}},{"start":{"line":85,"column":39},"end":{"line":85,"column":49}}],"line":85}},"s":{"0":18,"1":41,"2":23,"3":18,"4":41,"5":23,"6":18,"7":18,"8":4,"9":4,"10":2,"11":3,"12":0,"13":3,"14":41,"15":14,"16":14,"17":27,"18":1,"19":1,"20":1,"21":26,"22":23,"23":3,"24":0,"25":3,"26":1,"27":2,"28":1,"29":1,"30":1,"31":1,"32":1,"33":41,"34":41,"35":41,"36":41,"37":41},"f":{"0":18,"1":41,"2":41,"3":2,"4":41,"5":41},"b":{"0":[23,18],"1":[23,18],"2":[14,4],"3":[1,3],"4":[1,0],"5":[0,3],"6":[14,27],"7":[41,14],"8":[1,26],"9":[1,0],"10":[1,0],"11":[23,3],"12":[0,3],"13":[1,2],"14":[3,3],"15":[1,1],"16":[2,2],"17":[1,0],"18":[1,0],"19":[1,0],"20":[14,27],"21":[14,27],"22":[41,38]},"meta":{"lastBranch":23,"lastFunction":6,"lastStatement":38,"seen":{"f:16:9:16:24":0,"s:17:2:17:Infinity":0,"f:20:9:20:23":1,"b:21:2:21:Infinity:undefined:undefined:undefined:undefined":0,"s:21:2:21:Infinity":1,"s:21:29:21:Infinity":2,"s:22:2:22:Infinity":3,"f:25:9:25:26":2,"b:26:2:26:Infinity:undefined:undefined:undefined:undefined":1,"s:26:2:26:Infinity":4,"s:26:29:26:Infinity":5,"b:27:2:27:Infinity:undefined:undefined:undefined:undefined":2,"s:27:2:27:Infinity":6,"s:27:32:27:Infinity":7,"b:28:2:28:Infinity:undefined:undefined:undefined:undefined":3,"s:28:2:28:Infinity":8,"s:28:28:28:Infinity":9,"b:28:45:28:60:28:60:28:64":4,"f:28:68:28:69":3,"s:28:79:28:102":10,"b:29:2:29:Infinity:undefined:undefined:undefined:undefined":5,"s:29:2:29:Infinity":11,"s:29:32:29:Infinity":12,"s:30:2:30:Infinity":13,"f:33:9:33:23":4,"b:34:2:37:Infinity:undefined:undefined:undefined:undefined":6,"s:34:2:37:Infinity":14,"b:34:6:34:34:34:34:34:46":7,"s:35:23:35:Infinity":15,"s:36:4:36:Infinity":16,"b:39:2:47:Infinity:undefined:undefined:undefined:undefined":8,"s:39:2:47:Infinity":17,"s:40:18:40:Infinity":18,"b:40:37:40:70:40:70:40:Infinity":9,"s:41:19:41:Infinity":19,"b:41:38:41:71:41:71:41:Infinity":10,"s:42:4:46:Infinity":20,"b:49:2:51:Infinity:undefined:undefined:undefined:undefined":11,"s:49:2:51:Infinity":21,"s:50:4:50:Infinity":22,"b:53:2:55:Infinity:undefined:undefined:undefined:undefined":12,"s:53:2:55:Infinity":23,"s:54:4:54:Infinity":24,"b:57:2:59:Infinity:undefined:undefined:undefined:undefined":13,"s:57:2:59:Infinity":25,"b:57:6:57:32:57:32:57:60":14,"s:58:4:58:Infinity":26,"b:61:2:70:Infinity:undefined:undefined:undefined:undefined":15,"s:61:2:70:Infinity":27,"b:61:6:61:32:61:32:61:65":16,"s:62:23:62:Infinity":28,"b:62:35:62:54:62:54:62:56":17,"s:63:18:63:Infinity":29,"b:63:34:63:83:63:83:63:Infinity":18,"s:64:19:64:Infinity":30,"b:64:35:64:84:64:84:64:Infinity":19,"s:65:4:69:Infinity":31,"s:72:2:72:Infinity":32,"f:75:16:75:35":5,"s:76:8:76:Infinity":33,"s:77:16:77:Infinity":34,"s:78:18:78:Infinity":35,"b:78:32:78:71:78:71:78:Infinity":20,"s:79:20:79:Infinity":36,"b:79:34:79:75:79:75:79:Infinity":21,"s:81:2:92:Infinity":37,"b:85:20:85:39:85:39:85:49":22}}}
,"/Users/Eric/Desktop/monopolyDeal/src/ui/components/CardView.tsx": {"path":"/Users/Eric/Desktop/monopolyDeal/src/ui/components/CardView.tsx","statementMap":{"0":{"start":{"line":27,"column":2},"end":{"line":39,"column":null}},"1":{"start":{"line":28,"column":4},"end":{"line":37,"column":null}},"2":{"start":{"line":41,"column":8},"end":{"line":41,"column":null}},"3":{"start":{"line":42,"column":31},"end":{"line":45,"column":null}},"4":{"start":{"line":47,"column":2},"end":{"line":66,"column":null}}},"fnMap":{"0":{"name":"CardView","decl":{"start":{"line":17,"column":16},"end":{"line":17,"column":25}},"loc":{"start":{"line":26,"column":18},"end":{"line":68,"column":null}},"line":26}},"branchMap":{"0":{"loc":{"start":{"line":19,"column":2},"end":{"line":19,"column":null}},"type":"default-arg","locations":[{"start":{"line":19,"column":11},"end":{"line":19,"column":null}}],"line":19},"1":{"loc":{"start":{"line":20,"column":2},"end":{"line":20,"column":null}},"type":"default-arg","locations":[{"start":{"line":20,"column":9},"end":{"line":20,"column":null}}],"line":20},"2":{"loc":{"start":{"line":21,"column":2},"end":{"line":21,"column":null}},"type":"default-arg","locations":[{"start":{"line":21,"column":16},"end":{"line":21,"column":null}}],"line":21},"3":{"loc":{"start":{"line":22,"column":2},"end":{"line":22,"column":null}},"type":"default-arg","locations":[{"start":{"line":22,"column":13},"end":{"line":22,"column":null}}],"line":22},"4":{"loc":{"start":{"line":23,"column":2},"end":{"line":23,"column":null}},"type":"default-arg","locations":[{"start":{"line":23,"column":13},"end":{"line":23,"column":null}}],"line":23},"5":{"loc":{"start":{"line":27,"column":2},"end":{"line":39,"column":null}},"type":"if","locations":[{"start":{"line":27,"column":2},"end":{"line":39,"column":null}},{"start":{},"end":{}}],"line":27},"6":{"loc":{"start":{"line":31,"column":60},"end":{"line":31,"column":95}},"type":"cond-expr","locations":[{"start":{"line":31,"column":74},"end":{"line":31,"column":93}},{"start":{"line":31,"column":93},"end":{"line":31,"column":95}}],"line":31},"7":{"loc":{"start":{"line":33,"column":18},"end":{"line":33,"column":null}},"type":"binary-expr","locations":[{"start":{"line":33,"column":18},"end":{"line":33,"column":34}},{"start":{"line":33,"column":34},"end":{"line":33,"column":null}}],"line":33},"8":{"loc":{"start":{"line":44,"column":39},"end":{"line":44,"column":null}},"type":"binary-expr","locations":[{"start":{"line":44,"column":39},"end":{"line":44,"column":60}},{"start":{"line":44,"column":60},"end":{"line":44,"column":null}}],"line":44},"9":{"loc":{"start":{"line":50,"column":92},"end":{"line":50,"column":127}},"type":"cond-expr","locations":[{"start":{"line":50,"column":106},"end":{"line":50,"column":125}},{"start":{"line":50,"column":125},"end":{"line":50,"column":127}}],"line":50},"10":{"loc":{"start":{"line":50,"column":131},"end":{"line":50,"column":173}},"type":"cond-expr","locations":[{"start":{"line":50,"column":142},"end":{"line":50,"column":158}},{"start":{"line":50,"column":158},"end":{"line":50,"column":173}}],"line":50},"11":{"loc":{"start":{"line":50,"column":177},"end":{"line":50,"column":206}},"type":"cond-expr","locations":[{"start":{"line":50,"column":188},"end":{"line":50,"column":204}},{"start":{"line":50,"column":204},"end":{"line":50,"column":206}}],"line":50},"12":{"loc":{"start":{"line":53,"column":16},"end":{"line":53,"column":null}},"type":"binary-expr","locations":[{"start":{"line":53,"column":16},"end":{"line":53,"column":32}},{"start":{"line":53,"column":32},"end":{"line":53,"column":null}}],"line":53},"13":{"loc":{"start":{"line":60,"column":9},"end":{"line":60,"column":null}},"type":"cond-expr","locations":[{"start":{"line":60,"column":25},"end":{"line":60,"column":82}},{"start":{"line":60,"column":82},"end":{"line":60,"column":null}}],"line":60},"14":{"loc":{"start":{"line":61,"column":9},"end":{"line":63,"column":null}},"type":"cond-expr","locations":[{"start":{"line":62,"column":10},"end":{"line":62,"column":null}},{"start":{"line":63,"column":12},"end":{"line":63,"column":null}}],"line":61},"15":{"loc":{"start":{"line":61,"column":9},"end":{"line":61,"column":null}},"type":"binary-expr","locations":[{"start":{"line":61,"column":9},"end":{"line":61,"column":28}},{"start":{"line":61,"column":28},"end":{"line":61,"column":null}}],"line":61},"16":{"loc":{"start":{"line":64,"column":9},"end":{"line":64,"column":null}},"type":"cond-expr","locations":[{"start":{"line":64,"column":22},"end":{"line":64,"column":78}},{"start":{"line":64,"column":78},"end":{"line":64,"column":null}}],"line":64}},"s":{"0":59,"1":18,"2":41,"3":41,"4":59},"f":{"0":59},"b":{"0":[59],"1":[59],"2":[59],"3":[59],"4":[59],"5":[18,41],"6":[0,18],"7":[18,0],"8":[41,39],"9":[15,26],"10":[11,30],"11":[1,40],"12":[59,15],"13":[14,27],"14":[14,27],"15":[59,14],"16":[0,41]},"meta":{"lastBranch":17,"lastFunction":1,"lastStatement":5,"seen":{"f:17:16:17:25":0,"b:19:11:19:Infinity":0,"b:20:9:20:Infinity":1,"b:21:16:21:Infinity":2,"b:22:13:22:Infinity":3,"b:23:13:23:Infinity":4,"b:27:2:39:Infinity:undefined:undefined:undefined:undefined":5,"s:27:2:39:Infinity":0,"s:28:4:37:Infinity":1,"b:31:74:31:93:31:93:31:95":6,"b:33:18:33:34:33:34:33:Infinity":7,"s:41:8:41:Infinity":2,"s:42:31:45:Infinity":3,"b:44:39:44:60:44:60:44:Infinity":8,"s:47:2:66:Infinity":4,"b:50:106:50:125:50:125:50:127":9,"b:50:142:50:158:50:158:50:173":10,"b:50:188:50:204:50:204:50:206":11,"b:53:16:53:32:53:32:53:Infinity":12,"b:60:25:60:82:60:82:60:Infinity":13,"b:62:10:62:Infinity:63:12:63:Infinity":14,"b:61:9:61:28:61:28:61:Infinity":15,"b:64:22:64:78:64:78:64:Infinity":16}}}
,"/Users/Eric/Desktop/monopolyDeal/src/ui/components/HandFan.tsx": {"path":"/Users/Eric/Desktop/monopolyDeal/src/ui/components/HandFan.tsx","statementMap":{"0":{"start":{"line":12,"column":8},"end":{"line":12,"column":null}},"1":{"start":{"line":13,"column":17},"end":{"line":13,"column":null}},"2":{"start":{"line":15,"column":2},"end":{"line":41,"column":null}},"3":{"start":{"line":18,"column":25},"end":{"line":18,"column":null}},"4":{"start":{"line":19,"column":23},"end":{"line":19,"column":null}},"5":{"start":{"line":20,"column":22},"end":{"line":20,"column":null}},"6":{"start":{"line":21,"column":8},"end":{"line":38,"column":null}},"7":{"start":{"line":36,"column":29},"end":{"line":36,"column":null}}},"fnMap":{"0":{"name":"HandFan","decl":{"start":{"line":11,"column":16},"end":{"line":11,"column":24}},"loc":{"start":{"line":11,"column":108},"end":{"line":43,"column":null}},"line":11},"1":{"name":"(anonymous_1)","decl":{"start":{"line":17,"column":17},"end":{"line":17,"column":18}},"loc":{"start":{"line":17,"column":36},"end":{"line":40,"column":7}},"line":17},"2":{"name":"(anonymous_2)","decl":{"start":{"line":36,"column":23},"end":{"line":36,"column":29}},"loc":{"start":{"line":36,"column":29},"end":{"line":36,"column":null}},"line":36}},"branchMap":{},"s":{"0":9,"1":9,"2":9,"3":9,"4":9,"5":9,"6":9,"7":3},"f":{"0":9,"1":9,"2":3},"b":{},"meta":{"lastBranch":0,"lastFunction":3,"lastStatement":8,"seen":{"f:11:16:11:24":0,"s:12:8:12:Infinity":0,"s:13:17:13:Infinity":1,"s:15:2:41:Infinity":2,"f:17:17:17:18":1,"s:18:25:18:Infinity":3,"s:19:23:19:Infinity":4,"s:20:22:20:Infinity":5,"s:21:8:38:Infinity":6,"f:36:23:36:29":2,"s:36:29:36:Infinity":7}}}
,"/Users/Eric/Desktop/monopolyDeal/src/ui/components/PlayChooser.tsx": {"path":"/Users/Eric/Desktop/monopolyDeal/src/ui/components/PlayChooser.tsx","statementMap":{"0":{"start":{"line":17,"column":8},"end":{"line":17,"column":null}},"1":{"start":{"line":19,"column":2},"end":{"line":50,"column":null}},"2":{"start":{"line":20,"column":17},"end":{"line":20,"column":null}},"3":{"start":{"line":21,"column":4},"end":{"line":21,"column":null}},"4":{"start":{"line":21,"column":15},"end":{"line":21,"column":null}},"5":{"start":{"line":22,"column":23},"end":{"line":22,"column":null}},"6":{"start":{"line":23,"column":4},"end":{"line":23,"column":null}},"7":{"start":{"line":25,"column":22},"end":{"line":46,"column":null}},"8":{"start":{"line":26,"column":6},"end":{"line":30,"column":null}},"9":{"start":{"line":27,"column":8},"end":{"line":27,"column":null}},"10":{"start":{"line":28,"column":8},"end":{"line":28,"column":null}},"11":{"start":{"line":29,"column":8},"end":{"line":29,"column":null}},"12":{"start":{"line":32,"column":6},"end":{"line":32,"column":null}},"13":{"start":{"line":32,"column":31},"end":{"line":32,"column":null}},"14":{"start":{"line":33,"column":20},"end":{"line":33,"column":null}},"15":{"start":{"line":34,"column":6},"end":{"line":34,"column":null}},"16":{"start":{"line":34,"column":30},"end":{"line":34,"column":null}},"17":{"start":{"line":35,"column":20},"end":{"line":35,"column":null}},"18":{"start":{"line":36,"column":19},"end":{"line":36,"column":null}},"19":{"start":{"line":37,"column":21},"end":{"line":37,"column":null}},"20":{"start":{"line":39,"column":6},"end":{"line":45,"column":null}},"21":{"start":{"line":40,"column":8},"end":{"line":40,"column":null}},"22":{"start":{"line":41,"column":8},"end":{"line":41,"column":null}},"23":{"start":{"line":42,"column":6},"end":{"line":45,"column":null}},"24":{"start":{"line":43,"column":8},"end":{"line":43,"column":null}},"25":{"start":{"line":44,"column":8},"end":{"line":44,"column":null}},"26":{"start":{"line":48,"column":4},"end":{"line":48,"column":null}},"27":{"start":{"line":49,"column":4},"end":{"line":49,"column":null}},"28":{"start":{"line":49,"column":17},"end":{"line":49,"column":null}},"29":{"start":{"line":52,"column":2},"end":{"line":75,"column":null}},"30":{"start":{"line":60,"column":28},"end":{"line":60,"column":null}},"31":{"start":{"line":66,"column":12},"end":{"line":68,"column":null}},"32":{"start":{"line":66,"column":89},"end":{"line":66,"column":null}}},"fnMap":{"0":{"name":"PlayChooser","decl":{"start":{"line":16,"column":16},"end":{"line":16,"column":28}},"loc":{"start":{"line":16,"column":97},"end":{"line":77,"column":null}},"line":16},"1":{"name":"(anonymous_1)","decl":{"start":{"line":19,"column":12},"end":{"line":19,"column":18}},"loc":{"start":{"line":19,"column":18},"end":{"line":50,"column":5}},"line":19},"2":{"name":"(anonymous_2)","decl":{"start":{"line":25,"column":22},"end":{"line":25,"column":23}},"loc":{"start":{"line":25,"column":48},"end":{"line":46,"column":null}},"line":25},"3":{"name":"(anonymous_3)","decl":{"start":{"line":49,"column":11},"end":{"line":49,"column":17}},"loc":{"start":{"line":49,"column":17},"end":{"line":49,"column":null}},"line":49},"4":{"name":"(anonymous_4)","decl":{"start":{"line":60,"column":17},"end":{"line":60,"column":18}},"loc":{"start":{"line":60,"column":28},"end":{"line":60,"column":null}},"line":60},"5":{"name":"(anonymous_5)","decl":{"start":{"line":65,"column":23},"end":{"line":65,"column":24}},"loc":{"start":{"line":66,"column":12},"end":{"line":68,"column":null}},"line":66},"6":{"name":"(anonymous_6)","decl":{"start":{"line":66,"column":83},"end":{"line":66,"column":89}},"loc":{"start":{"line":66,"column":89},"end":{"line":66,"column":null}},"line":66}},"branchMap":{"0":{"loc":{"start":{"line":21,"column":4},"end":{"line":21,"column":null}},"type":"if","locations":[{"start":{"line":21,"column":4},"end":{"line":21,"column":null}},{"start":{},"end":{}}],"line":21},"1":{"loc":{"start":{"line":26,"column":6},"end":{"line":30,"column":null}},"type":"if","locations":[{"start":{"line":26,"column":6},"end":{"line":30,"column":null}},{"start":{},"end":{}}],"line":26},"2":{"loc":{"start":{"line":32,"column":6},"end":{"line":32,"column":null}},"type":"if","locations":[{"start":{"line":32,"column":6},"end":{"line":32,"column":null}},{"start":{},"end":{}}],"line":32},"3":{"loc":{"start":{"line":34,"column":6},"end":{"line":34,"column":null}},"type":"if","locations":[{"start":{"line":34,"column":6},"end":{"line":34,"column":null}},{"start":{},"end":{}}],"line":34},"4":{"loc":{"start":{"line":39,"column":6},"end":{"line":45,"column":null}},"type":"if","locations":[{"start":{"line":39,"column":6},"end":{"line":45,"column":null}},{"start":{"line":42,"column":6},"end":{"line":45,"column":null}}],"line":39},"5":{"loc":{"start":{"line":39,"column":10},"end":{"line":39,"column":46}},"type":"binary-expr","locations":[{"start":{"line":39,"column":10},"end":{"line":39,"column":28}},{"start":{"line":39,"column":28},"end":{"line":39,"column":46}}],"line":39},"6":{"loc":{"start":{"line":42,"column":6},"end":{"line":45,"column":null}},"type":"if","locations":[{"start":{"line":42,"column":6},"end":{"line":45,"column":null}},{"start":{},"end":{}}],"line":42},"7":{"loc":{"start":{"line":42,"column":17},"end":{"line":42,"column":53}},"type":"binary-expr","locations":[{"start":{"line":42,"column":17},"end":{"line":42,"column":36}},{"start":{"line":42,"column":36},"end":{"line":42,"column":53}}],"line":42},"8":{"loc":{"start":{"line":58,"column":42},"end":{"line":58,"column":61}},"type":"binary-expr","locations":[{"start":{"line":58,"column":42},"end":{"line":58,"column":55}},{"start":{"line":58,"column":55},"end":{"line":58,"column":61}}],"line":58},"9":{"loc":{"start":{"line":63,"column":12},"end":{"line":63,"column":32}},"type":"binary-expr","locations":[{"start":{"line":63,"column":12},"end":{"line":63,"column":25}},{"start":{"line":63,"column":25},"end":{"line":63,"column":32}}],"line":63}},"s":{"0":0,"1":0,"2":0,"3":0,"4":0,"5":0,"6":0,"7":0,"8":0,"9":0,"10":0,"11":0,"12":0,"13":0,"14":0,"15":0,"16":0,"17":0,"18":0,"19":0,"20":0,"21":0,"22":0,"23":0,"24":0,"25":0,"26":0,"27":0,"28":0,"29":0,"30":0,"31":0,"32":0},"f":{"0":0,"1":0,"2":0,"3":0,"4":0,"5":0,"6":0},"b":{"0":[0,0],"1":[0,0],"2":[0,0],"3":[0,0],"4":[0,0],"5":[0,0],"6":[0,0],"7":[0,0],"8":[0,0],"9":[0,0]},"meta":{"lastBranch":10,"lastFunction":7,"lastStatement":33,"seen":{"f:16:16:16:28":0,"s:17:8:17:Infinity":0,"s:19:2:50:Infinity":1,"f:19:12:19:18":1,"s:20:17:20:Infinity":2,"b:21:4:21:Infinity:undefined:undefined:undefined:undefined":0,"s:21:4:21:Infinity":3,"s:21:15:21:Infinity":4,"s:22:23:22:Infinity":5,"s:23:4:23:Infinity":6,"s:25:22:46:Infinity":7,"f:25:22:25:23":2,"b:26:6:30:Infinity:undefined:undefined:undefined:undefined":1,"s:26:6:30:Infinity":8,"s:27:8:27:Infinity":9,"s:28:8:28:Infinity":10,"s:29:8:29:Infinity":11,"b:32:6:32:Infinity:undefined:undefined:undefined:undefined":2,"s:32:6:32:Infinity":12,"s:32:31:32:Infinity":13,"s:33:20:33:Infinity":14,"b:34:6:34:Infinity:undefined:undefined:undefined:undefined":3,"s:34:6:34:Infinity":15,"s:34:30:34:Infinity":16,"s:35:20:35:Infinity":17,"s:36:19:36:Infinity":18,"s:37:21:37:Infinity":19,"b:39:6:45:Infinity:42:6:45:Infinity":4,"s:39:6:45:Infinity":20,"b:39:10:39:28:39:28:39:46":5,"s:40:8:40:Infinity":21,"s:41:8:41:Infinity":22,"b:42:6:45:Infinity:undefined:undefined:undefined:undefined":6,"s:42:6:45:Infinity":23,"b:42:17:42:36:42:36:42:53":7,"s:43:8:43:Infinity":24,"s:44:8:44:Infinity":25,"s:48:4:48:Infinity":26,"s:49:4:49:Infinity":27,"f:49:11:49:17":3,"s:49:17:49:Infinity":28,"s:52:2:75:Infinity":29,"b:58:42:58:55:58:55:58:61":8,"f:60:17:60:18":4,"s:60:28:60:Infinity":30,"b:63:12:63:25:63:25:63:32":9,"f:65:23:65:24":5,"s:66:12:68:Infinity":31,"f:66:83:66:89":6,"s:66:89:66:Infinity":32}}}
}
